<?xml version="1.1" encoding="UTF-8"?>
<?totaltestVersion 20.10.3.v20220524-1628_164?>
<!--Topaz for Total Test 20.10.3.v20220524-1628_164 22 Jun, 2023 2:15:29 PM-->
<testsuites>
  <testsuite errors="0" failures="0" name="LAUNCHCX.CWKTCOBX_Scenario.00001: CWKTCOBXCase1" tests="5">
    <testcase classname="LAUNCHCX.CWKTCOBX_Scenario.00001: CWKTCOBXCase1" name="00001: Check for RETURN_CODE"/>
    <testcase classname="LAUNCHCX.CWKTCOBX_Scenario.00001: CWKTCOBXCase1" name="00002: Check for PARM_LTH"/>
    <testcase classname="LAUNCHCX.CWKTCOBX_Scenario.00001: CWKTCOBXCase1" name="00003: Check for PARM_DATA"/>
    <testcase classname="LAUNCHCX.CWKTCOBX_Scenario.00001: CWKTCOBXCase1" name="00004: Check for GRAND_TOTAL"/>
    <testcase classname="LAUNCHCX.CWKTCOBX_Scenario.00001: CWKTCOBXCase1" name="00005: Check for TOTAL_RECORD"/>
  </testsuite>
  <testsuite errors="0" failures="0" name="LAUNCHCX.CWKTCOBX_Scenario.00001: CWKTCOBXCase1.CWKTCOBX_CWKTSUBC_01.00001: CWKTSUBC assertion" tests="3">
    <testcase classname="LAUNCHCX.CWKTCOBX_Scenario.00001: CWKTCOBXCase1.CWKTCOBX_CWKTSUBC_01.00001: CWKTSUBC assertion" name="00001: Check for EMP_TYPE"/>
    <testcase classname="LAUNCHCX.CWKTCOBX_Scenario.00001: CWKTCOBXCase1.CWKTCOBX_CWKTSUBC_01.00001: CWKTSUBC assertion" name="00002: Check for CALC_SALES"/>
    <testcase classname="LAUNCHCX.CWKTCOBX_Scenario.00001: CWKTCOBXCase1.CWKTCOBX_CWKTSUBC_01.00001: CWKTSUBC assertion" name="00003: Check for CALC_COMMISSION"/>
  </testsuite>
  <testsuite errors="0" failures="0" name="LAUNCHCX.CWKTCOBX_Scenario.00001: CWKTCOBXCase1.CWKTCOBX_CWKTSUBC_01.00002: CWKTSUBC assertion" tests="3">
    <testcase classname="LAUNCHCX.CWKTCOBX_Scenario.00001: CWKTCOBXCase1.CWKTCOBX_CWKTSUBC_01.00002: CWKTSUBC assertion" name="00001: Check for EMP_TYPE"/>
    <testcase classname="LAUNCHCX.CWKTCOBX_Scenario.00001: CWKTCOBXCase1.CWKTCOBX_CWKTSUBC_01.00002: CWKTSUBC assertion" name="00002: Check for CALC_SALES"/>
    <testcase classname="LAUNCHCX.CWKTCOBX_Scenario.00001: CWKTCOBXCase1.CWKTCOBX_CWKTSUBC_01.00002: CWKTSUBC assertion" name="00003: Check for CALC_COMMISSION"/>
  </testsuite>
  <testsuite errors="0" failures="0" name="LAUNCHCX.CWKTCOBX_Scenario.00001: CWKTCOBXCase1.CWKTCOBX_CWKTSUBC_01.00003: CWKTSUBC assertion" tests="3">
    <testcase classname="LAUNCHCX.CWKTCOBX_Scenario.00001: CWKTCOBXCase1.CWKTCOBX_CWKTSUBC_01.00003: CWKTSUBC assertion" name="00001: Check for EMP_TYPE"/>
    <testcase classname="LAUNCHCX.CWKTCOBX_Scenario.00001: CWKTCOBXCase1.CWKTCOBX_CWKTSUBC_01.00003: CWKTSUBC assertion" name="00002: Check for CALC_SALES"/>
    <testcase classname="LAUNCHCX.CWKTCOBX_Scenario.00001: CWKTCOBXCase1.CWKTCOBX_CWKTSUBC_01.00003: CWKTSUBC assertion" name="00003: Check for CALC_COMMISSION"/>
  </testsuite>
  <testsuite errors="0" failures="0" name="LAUNCHCX.CWKTCOBX_Scenario.00001: CWKTCOBXCase1.CWKTCOBX_CWKTSUBC_01.00004: CWKTSUBC assertion" tests="3">
    <testcase classname="LAUNCHCX.CWKTCOBX_Scenario.00001: CWKTCOBXCase1.CWKTCOBX_CWKTSUBC_01.00004: CWKTSUBC assertion" name="00001: Check for EMP_TYPE"/>
    <testcase classname="LAUNCHCX.CWKTCOBX_Scenario.00001: CWKTCOBXCase1.CWKTCOBX_CWKTSUBC_01.00004: CWKTSUBC assertion" name="00002: Check for CALC_SALES"/>
    <testcase classname="LAUNCHCX.CWKTCOBX_Scenario.00001: CWKTCOBXCase1.CWKTCOBX_CWKTSUBC_01.00004: CWKTSUBC assertion" name="00003: Check for CALC_COMMISSION"/>
  </testsuite>
  <testsuite errors="0" failures="0" name="LAUNCHCX.CWKTCOBX_Scenario.00001: CWKTCOBXCase1.CWKTCOBX_CWKTSUBC_01.00005: CWKTSUBC assertion" tests="3">
    <testcase classname="LAUNCHCX.CWKTCOBX_Scenario.00001: CWKTCOBXCase1.CWKTCOBX_CWKTSUBC_01.00005: CWKTSUBC assertion" name="00001: Check for EMP_TYPE"/>
    <testcase classname="LAUNCHCX.CWKTCOBX_Scenario.00001: CWKTCOBXCase1.CWKTCOBX_CWKTSUBC_01.00005: CWKTSUBC assertion" name="00002: Check for CALC_SALES"/>
    <testcase classname="LAUNCHCX.CWKTCOBX_Scenario.00001: CWKTCOBXCase1.CWKTCOBX_CWKTSUBC_01.00005: CWKTSUBC assertion" name="00003: Check for CALC_COMMISSION"/>
  </testsuite>
  <testsuite errors="0" failures="0" name="LAUNCHCX.CWKTCOBX_Scenario.00001: CWKTCOBXCase1.CWKTCOBX_CWKTSUBC_01.00006: CWKTSUBC assertion" tests="3">
    <testcase classname="LAUNCHCX.CWKTCOBX_Scenario.00001: CWKTCOBXCase1.CWKTCOBX_CWKTSUBC_01.00006: CWKTSUBC assertion" name="00001: Check for EMP_TYPE"/>
    <testcase classname="LAUNCHCX.CWKTCOBX_Scenario.00001: CWKTCOBXCase1.CWKTCOBX_CWKTSUBC_01.00006: CWKTSUBC assertion" name="00002: Check for CALC_SALES"/>
    <testcase classname="LAUNCHCX.CWKTCOBX_Scenario.00001: CWKTCOBXCase1.CWKTCOBX_CWKTSUBC_01.00006: CWKTSUBC assertion" name="00003: Check for CALC_COMMISSION"/>
  </testsuite>
  <testsuite errors="0" failures="0" name="LAUNCHCX.CWKTCOBX_Scenario.00001: CWKTCOBXCase1.CWKTCOBX_CWKTSUBC_01.00007: CWKTSUBC assertion" tests="3">
    <testcase classname="LAUNCHCX.CWKTCOBX_Scenario.00001: CWKTCOBXCase1.CWKTCOBX_CWKTSUBC_01.00007: CWKTSUBC assertion" name="00001: Check for EMP_TYPE"/>
    <testcase classname="LAUNCHCX.CWKTCOBX_Scenario.00001: CWKTCOBXCase1.CWKTCOBX_CWKTSUBC_01.00007: CWKTSUBC assertion" name="00002: Check for CALC_SALES"/>
    <testcase classname="LAUNCHCX.CWKTCOBX_Scenario.00001: CWKTCOBXCase1.CWKTCOBX_CWKTSUBC_01.00007: CWKTSUBC assertion" name="00003: Check for CALC_COMMISSION"/>
  </testsuite>
  <testsuite errors="0" failures="1" name="LAUNCHCX.CWKTCOBX_Scenario.00001: CWKTCOBXCase1.CWKTCOBX_CWKTDATE_01.00001: CWKTDATE assertion" tests="6">
    <testcase classname="LAUNCHCX.CWKTCOBX_Scenario.00001: CWKTCOBXCase1.CWKTCOBX_CWKTDATE_01.00001: CWKTDATE assertion" name="00001: Check for END_OF_MONTH_SW"/>
    <testcase classname="LAUNCHCX.CWKTCOBX_Scenario.00001: CWKTCOBXCase1.CWKTCOBX_CWKTDATE_01.00001: CWKTDATE assertion" name="00002: Check for YRS_OF_SERVICE"/>
    <testcase classname="LAUNCHCX.CWKTCOBX_Scenario.00001: CWKTCOBXCase1.CWKTCOBX_CWKTDATE_01.00001: CWKTDATE assertion" name="00003: Check for TODAYS_DATE">
      <failure>Check for TODAYS_DATE failed

Actual Value:    230622

Expected Value:  230621</failure>
    </testcase>
    <testcase classname="LAUNCHCX.CWKTCOBX_Scenario.00001: CWKTCOBXCase1.CWKTCOBX_CWKTDATE_01.00001: CWKTDATE assertion" name="00004: Check for WA_EMP_HIRE_YY"/>
    <testcase classname="LAUNCHCX.CWKTCOBX_Scenario.00001: CWKTCOBXCase1.CWKTCOBX_CWKTDATE_01.00001: CWKTDATE assertion" name="00005: Check for WA_EMP_HIRE_MM"/>
    <testcase classname="LAUNCHCX.CWKTCOBX_Scenario.00001: CWKTCOBXCase1.CWKTCOBX_CWKTDATE_01.00001: CWKTDATE assertion" name="00006: Check for WA_EMP_HIRE_DD"/>
  </testsuite>
  <testsuite errors="0" failures="1" name="LAUNCHCX.CWKTCOBX_Scenario.00001: CWKTCOBXCase1.CWKTCOBX_CWKTDATE_01.00002: CWKTDATE assertion" tests="6">
    <testcase classname="LAUNCHCX.CWKTCOBX_Scenario.00001: CWKTCOBXCase1.CWKTCOBX_CWKTDATE_01.00002: CWKTDATE assertion" name="00001: Check for END_OF_MONTH_SW"/>
    <testcase classname="LAUNCHCX.CWKTCOBX_Scenario.00001: CWKTCOBXCase1.CWKTCOBX_CWKTDATE_01.00002: CWKTDATE assertion" name="00002: Check for YRS_OF_SERVICE"/>
    <testcase classname="LAUNCHCX.CWKTCOBX_Scenario.00001: CWKTCOBXCase1.CWKTCOBX_CWKTDATE_01.00002: CWKTDATE assertion" name="00003: Check for TODAYS_DATE"/>
    <testcase classname="LAUNCHCX.CWKTCOBX_Scenario.00001: CWKTCOBXCase1.CWKTCOBX_CWKTDATE_01.00002: CWKTDATE assertion" name="00004: Check for WA_EMP_HIRE_YY"/>
    <testcase classname="LAUNCHCX.CWKTCOBX_Scenario.00001: CWKTCOBXCase1.CWKTCOBX_CWKTDATE_01.00002: CWKTDATE assertion" name="00005: Check for WA_EMP_HIRE_MM"/>
    <testcase classname="LAUNCHCX.CWKTCOBX_Scenario.00001: CWKTCOBXCase1.CWKTCOBX_CWKTDATE_01.00002: CWKTDATE assertion" name="00006: Check for WA_EMP_HIRE_DD"/>
  </testsuite>
  <testsuite errors="0" failures="1" name="LAUNCHCX.CWKTCOBX_Scenario.00001: CWKTCOBXCase1.CWKTCOBX_CWKTDATE_01.00003: CWKTDATE assertion" tests="6">
    <testcase classname="LAUNCHCX.CWKTCOBX_Scenario.00001: CWKTCOBXCase1.CWKTCOBX_CWKTDATE_01.00003: CWKTDATE assertion" name="00001: Check for END_OF_MONTH_SW"/>
    <testcase classname="LAUNCHCX.CWKTCOBX_Scenario.00001: CWKTCOBXCase1.CWKTCOBX_CWKTDATE_01.00003: CWKTDATE assertion" name="00002: Check for YRS_OF_SERVICE"/>
    <testcase classname="LAUNCHCX.CWKTCOBX_Scenario.00001: CWKTCOBXCase1.CWKTCOBX_CWKTDATE_01.00003: CWKTDATE assertion" name="00003: Check for TODAYS_DATE"/>
    <testcase classname="LAUNCHCX.CWKTCOBX_Scenario.00001: CWKTCOBXCase1.CWKTCOBX_CWKTDATE_01.00003: CWKTDATE assertion" name="00004: Check for WA_EMP_HIRE_YY"/>
    <testcase classname="LAUNCHCX.CWKTCOBX_Scenario.00001: CWKTCOBXCase1.CWKTCOBX_CWKTDATE_01.00003: CWKTDATE assertion" name="00005: Check for WA_EMP_HIRE_MM"/>
    <testcase classname="LAUNCHCX.CWKTCOBX_Scenario.00001: CWKTCOBXCase1.CWKTCOBX_CWKTDATE_01.00003: CWKTDATE assertion" name="00006: Check for WA_EMP_HIRE_DD"/>
  </testsuite>
  <testsuite errors="0" failures="1" name="LAUNCHCX.CWKTCOBX_Scenario.00001: CWKTCOBXCase1.CWKTCOBX_CWKTDATE_01.00004: CWKTDATE assertion" tests="6">
    <testcase classname="LAUNCHCX.CWKTCOBX_Scenario.00001: CWKTCOBXCase1.CWKTCOBX_CWKTDATE_01.00004: CWKTDATE assertion" name="00001: Check for END_OF_MONTH_SW"/>
    <testcase classname="LAUNCHCX.CWKTCOBX_Scenario.00001: CWKTCOBXCase1.CWKTCOBX_CWKTDATE_01.00004: CWKTDATE assertion" name="00002: Check for YRS_OF_SERVICE"/>
    <testcase classname="LAUNCHCX.CWKTCOBX_Scenario.00001: CWKTCOBXCase1.CWKTCOBX_CWKTDATE_01.00004: CWKTDATE assertion" name="00003: Check for TODAYS_DATE"/>
    <testcase classname="LAUNCHCX.CWKTCOBX_Scenario.00001: CWKTCOBXCase1.CWKTCOBX_CWKTDATE_01.00004: CWKTDATE assertion" name="00004: Check for WA_EMP_HIRE_YY"/>
    <testcase classname="LAUNCHCX.CWKTCOBX_Scenario.00001: CWKTCOBXCase1.CWKTCOBX_CWKTDATE_01.00004: CWKTDATE assertion" name="00005: Check for WA_EMP_HIRE_MM"/>
    <testcase classname="LAUNCHCX.CWKTCOBX_Scenario.00001: CWKTCOBXCase1.CWKTCOBX_CWKTDATE_01.00004: CWKTDATE assertion" name="00006: Check for WA_EMP_HIRE_DD"/>
  </testsuite>
  <testsuite errors="0" failures="1" name="LAUNCHCX.CWKTCOBX_Scenario.00001: CWKTCOBXCase1.CWKTCOBX_CWKTDATE_01.00005: CWKTDATE assertion" tests="6">
    <testcase classname="LAUNCHCX.CWKTCOBX_Scenario.00001: CWKTCOBXCase1.CWKTCOBX_CWKTDATE_01.00005: CWKTDATE assertion" name="00001: Check for END_OF_MONTH_SW"/>
    <testcase classname="LAUNCHCX.CWKTCOBX_Scenario.00001: CWKTCOBXCase1.CWKTCOBX_CWKTDATE_01.00005: CWKTDATE assertion" name="00002: Check for YRS_OF_SERVICE"/>
    <testcase classname="LAUNCHCX.CWKTCOBX_Scenario.00001: CWKTCOBXCase1.CWKTCOBX_CWKTDATE_01.00005: CWKTDATE assertion" name="00003: Check for TODAYS_DATE"/>
    <testcase classname="LAUNCHCX.CWKTCOBX_Scenario.00001: CWKTCOBXCase1.CWKTCOBX_CWKTDATE_01.00005: CWKTDATE assertion" name="00004: Check for WA_EMP_HIRE_YY"/>
    <testcase classname="LAUNCHCX.CWKTCOBX_Scenario.00001: CWKTCOBXCase1.CWKTCOBX_CWKTDATE_01.00005: CWKTDATE assertion" name="00005: Check for WA_EMP_HIRE_MM"/>
    <testcase classname="LAUNCHCX.CWKTCOBX_Scenario.00001: CWKTCOBXCase1.CWKTCOBX_CWKTDATE_01.00005: CWKTDATE assertion" name="00006: Check for WA_EMP_HIRE_DD"/>
  </testsuite>
  <testsuite errors="0" failures="1" name="LAUNCHCX.CWKTCOBX_Scenario.00001: CWKTCOBXCase1.CWKTCOBX_CWKTDATE_01.00006: CWKTDATE assertion" tests="6">
    <testcase classname="LAUNCHCX.CWKTCOBX_Scenario.00001: CWKTCOBXCase1.CWKTCOBX_CWKTDATE_01.00006: CWKTDATE assertion" name="00001: Check for END_OF_MONTH_SW"/>
    <testcase classname="LAUNCHCX.CWKTCOBX_Scenario.00001: CWKTCOBXCase1.CWKTCOBX_CWKTDATE_01.00006: CWKTDATE assertion" name="00002: Check for YRS_OF_SERVICE"/>
    <testcase classname="LAUNCHCX.CWKTCOBX_Scenario.00001: CWKTCOBXCase1.CWKTCOBX_CWKTDATE_01.00006: CWKTDATE assertion" name="00003: Check for TODAYS_DATE"/>
    <testcase classname="LAUNCHCX.CWKTCOBX_Scenario.00001: CWKTCOBXCase1.CWKTCOBX_CWKTDATE_01.00006: CWKTDATE assertion" name="00004: Check for WA_EMP_HIRE_YY"/>
    <testcase classname="LAUNCHCX.CWKTCOBX_Scenario.00001: CWKTCOBXCase1.CWKTCOBX_CWKTDATE_01.00006: CWKTDATE assertion" name="00005: Check for WA_EMP_HIRE_MM"/>
    <testcase classname="LAUNCHCX.CWKTCOBX_Scenario.00001: CWKTCOBXCase1.CWKTCOBX_CWKTDATE_01.00006: CWKTDATE assertion" name="00006: Check for WA_EMP_HIRE_DD"/>
  </testsuite>
  <testsuite errors="0" failures="1" name="LAUNCHCX.CWKTCOBX_Scenario.00001: CWKTCOBXCase1.CWKTCOBX_CWKTDATE_01.00007: CWKTDATE assertion" tests="6">
    <testcase classname="LAUNCHCX.CWKTCOBX_Scenario.00001: CWKTCOBXCase1.CWKTCOBX_CWKTDATE_01.00007: CWKTDATE assertion" name="00001: Check for END_OF_MONTH_SW"/>
    <testcase classname="LAUNCHCX.CWKTCOBX_Scenario.00001: CWKTCOBXCase1.CWKTCOBX_CWKTDATE_01.00007: CWKTDATE assertion" name="00002: Check for YRS_OF_SERVICE"/>
    <testcase classname="LAUNCHCX.CWKTCOBX_Scenario.00001: CWKTCOBXCase1.CWKTCOBX_CWKTDATE_01.00007: CWKTDATE assertion" name="00003: Check for TODAYS_DATE"/>
    <testcase classname="LAUNCHCX.CWKTCOBX_Scenario.00001: CWKTCOBXCase1.CWKTCOBX_CWKTDATE_01.00007: CWKTDATE assertion" name="00004: Check for WA_EMP_HIRE_YY"/>
    <testcase classname="LAUNCHCX.CWKTCOBX_Scenario.00001: CWKTCOBXCase1.CWKTCOBX_CWKTDATE_01.00007: CWKTDATE assertion" name="00005: Check for WA_EMP_HIRE_MM"/>
    <testcase classname="LAUNCHCX.CWKTCOBX_Scenario.00001: CWKTCOBXCase1.CWKTCOBX_CWKTDATE_01.00007: CWKTDATE assertion" name="00006: Check for WA_EMP_HIRE_DD"/>
  </testsuite>
  <testsuite errors="0" failures="1" name="LAUNCHCX.CWKTCOBX_Scenario.00001: CWKTCOBXCase1.CWKTCOBX_CWKTDATE_01.00008: CWKTDATE assertion" tests="6">
    <testcase classname="LAUNCHCX.CWKTCOBX_Scenario.00001: CWKTCOBXCase1.CWKTCOBX_CWKTDATE_01.00008: CWKTDATE assertion" name="00001: Check for END_OF_MONTH_SW"/>
    <testcase classname="LAUNCHCX.CWKTCOBX_Scenario.00001: CWKTCOBXCase1.CWKTCOBX_CWKTDATE_01.00008: CWKTDATE assertion" name="00002: Check for YRS_OF_SERVICE"/>
    <testcase classname="LAUNCHCX.CWKTCOBX_Scenario.00001: CWKTCOBXCase1.CWKTCOBX_CWKTDATE_01.00008: CWKTDATE assertion" name="00003: Check for TODAYS_DATE"/>
    <testcase classname="LAUNCHCX.CWKTCOBX_Scenario.00001: CWKTCOBXCase1.CWKTCOBX_CWKTDATE_01.00008: CWKTDATE assertion" name="00004: Check for WA_EMP_HIRE_YY"/>
    <testcase classname="LAUNCHCX.CWKTCOBX_Scenario.00001: CWKTCOBXCase1.CWKTCOBX_CWKTDATE_01.00008: CWKTDATE assertion" name="00005: Check for WA_EMP_HIRE_MM"/>
    <testcase classname="LAUNCHCX.CWKTCOBX_Scenario.00001: CWKTCOBXCase1.CWKTCOBX_CWKTDATE_01.00008: CWKTDATE assertion" name="00006: Check for WA_EMP_HIRE_DD"/>
  </testsuite>
  <testsuite errors="0" failures="1" name="LAUNCHCX.CWKTCOBX_Scenario.00001: CWKTCOBXCase1.CWKTCOBX_CWKTDATE_01.00009: CWKTDATE assertion" tests="6">
    <testcase classname="LAUNCHCX.CWKTCOBX_Scenario.00001: CWKTCOBXCase1.CWKTCOBX_CWKTDATE_01.00009: CWKTDATE assertion" name="00001: Check for END_OF_MONTH_SW"/>
    <testcase classname="LAUNCHCX.CWKTCOBX_Scenario.00001: CWKTCOBXCase1.CWKTCOBX_CWKTDATE_01.00009: CWKTDATE assertion" name="00002: Check for YRS_OF_SERVICE"/>
    <testcase classname="LAUNCHCX.CWKTCOBX_Scenario.00001: CWKTCOBXCase1.CWKTCOBX_CWKTDATE_01.00009: CWKTDATE assertion" name="00003: Check for TODAYS_DATE"/>
    <testcase classname="LAUNCHCX.CWKTCOBX_Scenario.00001: CWKTCOBXCase1.CWKTCOBX_CWKTDATE_01.00009: CWKTDATE assertion" name="00004: Check for WA_EMP_HIRE_YY"/>
    <testcase classname="LAUNCHCX.CWKTCOBX_Scenario.00001: CWKTCOBXCase1.CWKTCOBX_CWKTDATE_01.00009: CWKTDATE assertion" name="00005: Check for WA_EMP_HIRE_MM"/>
    <testcase classname="LAUNCHCX.CWKTCOBX_Scenario.00001: CWKTCOBXCase1.CWKTCOBX_CWKTDATE_01.00009: CWKTDATE assertion" name="00006: Check for WA_EMP_HIRE_DD"/>
  </testsuite>
  <testsuite errors="0" failures="1" name="LAUNCHCX.CWKTCOBX_Scenario.00001: CWKTCOBXCase1.CWKTCOBX_CWKTDATE_01.00010: CWKTDATE assertion" tests="6">
    <testcase classname="LAUNCHCX.CWKTCOBX_Scenario.00001: CWKTCOBXCase1.CWKTCOBX_CWKTDATE_01.00010: CWKTDATE assertion" name="00001: Check for END_OF_MONTH_SW"/>
    <testcase classname="LAUNCHCX.CWKTCOBX_Scenario.00001: CWKTCOBXCase1.CWKTCOBX_CWKTDATE_01.00010: CWKTDATE assertion" name="00002: Check for YRS_OF_SERVICE"/>
    <testcase classname="LAUNCHCX.CWKTCOBX_Scenario.00001: CWKTCOBXCase1.CWKTCOBX_CWKTDATE_01.00010: CWKTDATE assertion" name="00003: Check for TODAYS_DATE"/>
    <testcase classname="LAUNCHCX.CWKTCOBX_Scenario.00001: CWKTCOBXCase1.CWKTCOBX_CWKTDATE_01.00010: CWKTDATE assertion" name="00004: Check for WA_EMP_HIRE_YY"/>
    <testcase classname="LAUNCHCX.CWKTCOBX_Scenario.00001: CWKTCOBXCase1.CWKTCOBX_CWKTDATE_01.00010: CWKTDATE assertion" name="00005: Check for WA_EMP_HIRE_MM"/>
    <testcase classname="LAUNCHCX.CWKTCOBX_Scenario.00001: CWKTCOBXCase1.CWKTCOBX_CWKTDATE_01.00010: CWKTDATE assertion" name="00006: Check for WA_EMP_HIRE_DD"/>
  </testsuite>
  <testsuite errors="0" failures="1" name="LAUNCHCX.CWKTCOBX_Scenario.00001: CWKTCOBXCase1.CWKTCOBX_CWKTDATE_01.00011: CWKTDATE assertion" tests="6">
    <testcase classname="LAUNCHCX.CWKTCOBX_Scenario.00001: CWKTCOBXCase1.CWKTCOBX_CWKTDATE_01.00011: CWKTDATE assertion" name="00001: Check for END_OF_MONTH_SW"/>
    <testcase classname="LAUNCHCX.CWKTCOBX_Scenario.00001: CWKTCOBXCase1.CWKTCOBX_CWKTDATE_01.00011: CWKTDATE assertion" name="00002: Check for YRS_OF_SERVICE"/>
    <testcase classname="LAUNCHCX.CWKTCOBX_Scenario.00001: CWKTCOBXCase1.CWKTCOBX_CWKTDATE_01.00011: CWKTDATE assertion" name="00003: Check for TODAYS_DATE"/>
    <testcase classname="LAUNCHCX.CWKTCOBX_Scenario.00001: CWKTCOBXCase1.CWKTCOBX_CWKTDATE_01.00011: CWKTDATE assertion" name="00004: Check for WA_EMP_HIRE_YY"/>
    <testcase classname="LAUNCHCX.CWKTCOBX_Scenario.00001: CWKTCOBXCase1.CWKTCOBX_CWKTDATE_01.00011: CWKTDATE assertion" name="00005: Check for WA_EMP_HIRE_MM"/>
    <testcase classname="LAUNCHCX.CWKTCOBX_Scenario.00001: CWKTCOBXCase1.CWKTCOBX_CWKTDATE_01.00011: CWKTDATE assertion" name="00006: Check for WA_EMP_HIRE_DD"/>
  </testsuite>
  <testsuite errors="0" failures="1" name="LAUNCHCX.CWKTCOBX_Scenario.00001: CWKTCOBXCase1.CWKTCOBX_CWKTDATE_01.00012: CWKTDATE assertion" tests="6">
    <testcase classname="LAUNCHCX.CWKTCOBX_Scenario.00001: CWKTCOBXCase1.CWKTCOBX_CWKTDATE_01.00012: CWKTDATE assertion" name="00001: Check for END_OF_MONTH_SW"/>
    <testcase classname="LAUNCHCX.CWKTCOBX_Scenario.00001: CWKTCOBXCase1.CWKTCOBX_CWKTDATE_01.00012: CWKTDATE assertion" name="00002: Check for YRS_OF_SERVICE"/>
    <testcase classname="LAUNCHCX.CWKTCOBX_Scenario.00001: CWKTCOBXCase1.CWKTCOBX_CWKTDATE_01.00012: CWKTDATE assertion" name="00003: Check for TODAYS_DATE"/>
    <testcase classname="LAUNCHCX.CWKTCOBX_Scenario.00001: CWKTCOBXCase1.CWKTCOBX_CWKTDATE_01.00012: CWKTDATE assertion" name="00004: Check for WA_EMP_HIRE_YY"/>
    <testcase classname="LAUNCHCX.CWKTCOBX_Scenario.00001: CWKTCOBXCase1.CWKTCOBX_CWKTDATE_01.00012: CWKTDATE assertion" name="00005: Check for WA_EMP_HIRE_MM"/>
    <testcase classname="LAUNCHCX.CWKTCOBX_Scenario.00001: CWKTCOBXCase1.CWKTCOBX_CWKTDATE_01.00012: CWKTDATE assertion" name="00006: Check for WA_EMP_HIRE_DD"/>
  </testsuite>
  <testsuite errors="0" failures="0" name="LAUNCHCX.CWKTCOBX_Scenario.00001: CWKTCOBXCase1.CWKTCOBX_RPTFILE_FILE_01.00001: RPTFILE assertion" tests="1">
    <testcase classname="LAUNCHCX.CWKTCOBX_Scenario.00001: CWKTCOBXCase1.CWKTCOBX_RPTFILE_FILE_01.00001: RPTFILE assertion" name="00001: Check for BLANK_LINE"/>
  </testsuite>
  <testsuite errors="0" failures="0" name="LAUNCHCX.CWKTCOBX_Scenario.00001: CWKTCOBXCase1.CWKTCOBX_RPTFILE_FILE_01.00002: RPTFILE assertion" tests="1">
    <testcase classname="LAUNCHCX.CWKTCOBX_Scenario.00001: CWKTCOBXCase1.CWKTCOBX_RPTFILE_FILE_01.00002: RPTFILE assertion" name="00001: Check for BLANK_LINE"/>
  </testsuite>
  <testsuite errors="0" failures="0" name="LAUNCHCX.CWKTCOBX_Scenario.00001: CWKTCOBXCase1.CWKTCOBX_RPTFILE_FILE_01.00003: RPTFILE assertion" tests="1">
    <testcase classname="LAUNCHCX.CWKTCOBX_Scenario.00001: CWKTCOBXCase1.CWKTCOBX_RPTFILE_FILE_01.00003: RPTFILE assertion" name="00001: Check for BLANK_LINE"/>
  </testsuite>
  <testsuite errors="0" failures="0" name="LAUNCHCX.CWKTCOBX_Scenario.00001: CWKTCOBXCase1.CWKTCOBX_RPTFILE_FILE_01.00004: RPTFILE assertion" tests="12">
    <testcase classname="LAUNCHCX.CWKTCOBX_Scenario.00001: CWKTCOBXCase1.CWKTCOBX_RPTFILE_FILE_01.00004: RPTFILE assertion" name="00001: Check for FILLER0"/>
    <testcase classname="LAUNCHCX.CWKTCOBX_Scenario.00001: CWKTCOBXCase1.CWKTCOBX_RPTFILE_FILE_01.00004: RPTFILE assertion" name="00002: Check for FILLER1"/>
    <testcase classname="LAUNCHCX.CWKTCOBX_Scenario.00001: CWKTCOBXCase1.CWKTCOBX_RPTFILE_FILE_01.00004: RPTFILE assertion" name="00003: Check for EMP_RUN_MM"/>
    <testcase classname="LAUNCHCX.CWKTCOBX_Scenario.00001: CWKTCOBXCase1.CWKTCOBX_RPTFILE_FILE_01.00004: RPTFILE assertion" name="00004: Check for FILLER2"/>
    <testcase classname="LAUNCHCX.CWKTCOBX_Scenario.00001: CWKTCOBXCase1.CWKTCOBX_RPTFILE_FILE_01.00004: RPTFILE assertion" name="00005: Check for EMP_RUN_DD"/>
    <testcase classname="LAUNCHCX.CWKTCOBX_Scenario.00001: CWKTCOBXCase1.CWKTCOBX_RPTFILE_FILE_01.00004: RPTFILE assertion" name="00006: Check for FILLER3"/>
    <testcase classname="LAUNCHCX.CWKTCOBX_Scenario.00001: CWKTCOBXCase1.CWKTCOBX_RPTFILE_FILE_01.00004: RPTFILE assertion" name="00007: Check for EMP_RUN_YY"/>
    <testcase classname="LAUNCHCX.CWKTCOBX_Scenario.00001: CWKTCOBXCase1.CWKTCOBX_RPTFILE_FILE_01.00004: RPTFILE assertion" name="00008: Check for FILLER4"/>
    <testcase classname="LAUNCHCX.CWKTCOBX_Scenario.00001: CWKTCOBXCase1.CWKTCOBX_RPTFILE_FILE_01.00004: RPTFILE assertion" name="00009: Check for FILLER5"/>
    <testcase classname="LAUNCHCX.CWKTCOBX_Scenario.00001: CWKTCOBXCase1.CWKTCOBX_RPTFILE_FILE_01.00004: RPTFILE assertion" name="00010: Check for FILLER6"/>
    <testcase classname="LAUNCHCX.CWKTCOBX_Scenario.00001: CWKTCOBXCase1.CWKTCOBX_RPTFILE_FILE_01.00004: RPTFILE assertion" name="00011: Check for FILLER7"/>
    <testcase classname="LAUNCHCX.CWKTCOBX_Scenario.00001: CWKTCOBXCase1.CWKTCOBX_RPTFILE_FILE_01.00004: RPTFILE assertion" name="00012: Check for EMP_PAGE"/>
  </testsuite>
  <testsuite errors="0" failures="0" name="LAUNCHCX.CWKTCOBX_Scenario.00001: CWKTCOBXCase1.CWKTCOBX_RPTFILE_FILE_01.00005: RPTFILE assertion" tests="1">
    <testcase classname="LAUNCHCX.CWKTCOBX_Scenario.00001: CWKTCOBXCase1.CWKTCOBX_RPTFILE_FILE_01.00005: RPTFILE assertion" name="00001: Check for BLANK_LINE"/>
  </testsuite>
  <testsuite errors="0" failures="0" name="LAUNCHCX.CWKTCOBX_Scenario.00001: CWKTCOBXCase1.CWKTCOBX_RPTFILE_FILE_01.00006: RPTFILE assertion" tests="1">
    <testcase classname="LAUNCHCX.CWKTCOBX_Scenario.00001: CWKTCOBXCase1.CWKTCOBX_RPTFILE_FILE_01.00006: RPTFILE assertion" name="00001: Check for BLANK_LINE"/>
  </testsuite>
  <testsuite errors="0" failures="0" name="LAUNCHCX.CWKTCOBX_Scenario.00001: CWKTCOBXCase1.CWKTCOBX_RPTFILE_FILE_01.00007: RPTFILE assertion" tests="5">
    <testcase classname="LAUNCHCX.CWKTCOBX_Scenario.00001: CWKTCOBXCase1.CWKTCOBX_RPTFILE_FILE_01.00007: RPTFILE assertion" name="00001: Check for FILLER0"/>
    <testcase classname="LAUNCHCX.CWKTCOBX_Scenario.00001: CWKTCOBXCase1.CWKTCOBX_RPTFILE_FILE_01.00007: RPTFILE assertion" name="00002: Check for FILLER1"/>
    <testcase classname="LAUNCHCX.CWKTCOBX_Scenario.00001: CWKTCOBXCase1.CWKTCOBX_RPTFILE_FILE_01.00007: RPTFILE assertion" name="00003: Check for FILLER2"/>
    <testcase classname="LAUNCHCX.CWKTCOBX_Scenario.00001: CWKTCOBXCase1.CWKTCOBX_RPTFILE_FILE_01.00007: RPTFILE assertion" name="00004: Check for FILLER3"/>
    <testcase classname="LAUNCHCX.CWKTCOBX_Scenario.00001: CWKTCOBXCase1.CWKTCOBX_RPTFILE_FILE_01.00007: RPTFILE assertion" name="00005: Check for FILLER4"/>
  </testsuite>
  <testsuite errors="0" failures="0" name="LAUNCHCX.CWKTCOBX_Scenario.00001: CWKTCOBXCase1.CWKTCOBX_RPTFILE_FILE_01.00008: RPTFILE assertion" tests="18">
    <testcase classname="LAUNCHCX.CWKTCOBX_Scenario.00001: CWKTCOBXCase1.CWKTCOBX_RPTFILE_FILE_01.00008: RPTFILE assertion" name="00001: Check for FILLER0"/>
    <testcase classname="LAUNCHCX.CWKTCOBX_Scenario.00001: CWKTCOBXCase1.CWKTCOBX_RPTFILE_FILE_01.00008: RPTFILE assertion" name="00002: Check for FILLER1"/>
    <testcase classname="LAUNCHCX.CWKTCOBX_Scenario.00001: CWKTCOBXCase1.CWKTCOBX_RPTFILE_FILE_01.00008: RPTFILE assertion" name="00003: Check for FILLER2"/>
    <testcase classname="LAUNCHCX.CWKTCOBX_Scenario.00001: CWKTCOBXCase1.CWKTCOBX_RPTFILE_FILE_01.00008: RPTFILE assertion" name="00004: Check for FILLER3"/>
    <testcase classname="LAUNCHCX.CWKTCOBX_Scenario.00001: CWKTCOBXCase1.CWKTCOBX_RPTFILE_FILE_01.00008: RPTFILE assertion" name="00005: Check for FILLER4"/>
    <testcase classname="LAUNCHCX.CWKTCOBX_Scenario.00001: CWKTCOBXCase1.CWKTCOBX_RPTFILE_FILE_01.00008: RPTFILE assertion" name="00006: Check for FILLER5"/>
    <testcase classname="LAUNCHCX.CWKTCOBX_Scenario.00001: CWKTCOBXCase1.CWKTCOBX_RPTFILE_FILE_01.00008: RPTFILE assertion" name="00007: Check for FILLER6"/>
    <testcase classname="LAUNCHCX.CWKTCOBX_Scenario.00001: CWKTCOBXCase1.CWKTCOBX_RPTFILE_FILE_01.00008: RPTFILE assertion" name="00008: Check for FILLER7"/>
    <testcase classname="LAUNCHCX.CWKTCOBX_Scenario.00001: CWKTCOBXCase1.CWKTCOBX_RPTFILE_FILE_01.00008: RPTFILE assertion" name="00009: Check for FILLER8"/>
    <testcase classname="LAUNCHCX.CWKTCOBX_Scenario.00001: CWKTCOBXCase1.CWKTCOBX_RPTFILE_FILE_01.00008: RPTFILE assertion" name="00010: Check for FILLER9"/>
    <testcase classname="LAUNCHCX.CWKTCOBX_Scenario.00001: CWKTCOBXCase1.CWKTCOBX_RPTFILE_FILE_01.00008: RPTFILE assertion" name="00011: Check for FILLER10"/>
    <testcase classname="LAUNCHCX.CWKTCOBX_Scenario.00001: CWKTCOBXCase1.CWKTCOBX_RPTFILE_FILE_01.00008: RPTFILE assertion" name="00012: Check for FILLER11"/>
    <testcase classname="LAUNCHCX.CWKTCOBX_Scenario.00001: CWKTCOBXCase1.CWKTCOBX_RPTFILE_FILE_01.00008: RPTFILE assertion" name="00013: Check for FILLER12"/>
    <testcase classname="LAUNCHCX.CWKTCOBX_Scenario.00001: CWKTCOBXCase1.CWKTCOBX_RPTFILE_FILE_01.00008: RPTFILE assertion" name="00014: Check for FILLER13"/>
    <testcase classname="LAUNCHCX.CWKTCOBX_Scenario.00001: CWKTCOBXCase1.CWKTCOBX_RPTFILE_FILE_01.00008: RPTFILE assertion" name="00015: Check for FILLER14"/>
    <testcase classname="LAUNCHCX.CWKTCOBX_Scenario.00001: CWKTCOBXCase1.CWKTCOBX_RPTFILE_FILE_01.00008: RPTFILE assertion" name="00016: Check for FILLER15"/>
    <testcase classname="LAUNCHCX.CWKTCOBX_Scenario.00001: CWKTCOBXCase1.CWKTCOBX_RPTFILE_FILE_01.00008: RPTFILE assertion" name="00017: Check for FILLER16"/>
    <testcase classname="LAUNCHCX.CWKTCOBX_Scenario.00001: CWKTCOBXCase1.CWKTCOBX_RPTFILE_FILE_01.00008: RPTFILE assertion" name="00018: Check for FILLER17"/>
  </testsuite>
  <testsuite errors="0" failures="0" name="LAUNCHCX.CWKTCOBX_Scenario.00001: CWKTCOBXCase1.CWKTCOBX_RPTFILE_FILE_01.00009: RPTFILE assertion" tests="1">
    <testcase classname="LAUNCHCX.CWKTCOBX_Scenario.00001: CWKTCOBXCase1.CWKTCOBX_RPTFILE_FILE_01.00009: RPTFILE assertion" name="00001: Check for BLANK_LINE"/>
  </testsuite>
  <testsuite errors="0" failures="0" name="LAUNCHCX.CWKTCOBX_Scenario.00001: CWKTCOBXCase1.CWKTCOBX_RPTFILE_FILE_01.00010: RPTFILE assertion" tests="22">
    <testcase classname="LAUNCHCX.CWKTCOBX_Scenario.00001: CWKTCOBXCase1.CWKTCOBX_RPTFILE_FILE_01.00010: RPTFILE assertion" name="00001: Check for FILLER0"/>
    <testcase classname="LAUNCHCX.CWKTCOBX_Scenario.00001: CWKTCOBXCase1.CWKTCOBX_RPTFILE_FILE_01.00010: RPTFILE assertion" name="00002: Check for EMP_DTL_NAME"/>
    <testcase classname="LAUNCHCX.CWKTCOBX_Scenario.00001: CWKTCOBXCase1.CWKTCOBX_RPTFILE_FILE_01.00010: RPTFILE assertion" name="00003: Check for FILLER1"/>
    <testcase classname="LAUNCHCX.CWKTCOBX_Scenario.00001: CWKTCOBXCase1.CWKTCOBX_RPTFILE_FILE_01.00010: RPTFILE assertion" name="00004: Check for EMP_DTL_REGION"/>
    <testcase classname="LAUNCHCX.CWKTCOBX_Scenario.00001: CWKTCOBXCase1.CWKTCOBX_RPTFILE_FILE_01.00010: RPTFILE assertion" name="00005: Check for FILLER2"/>
    <testcase classname="LAUNCHCX.CWKTCOBX_Scenario.00001: CWKTCOBXCase1.CWKTCOBX_RPTFILE_FILE_01.00010: RPTFILE assertion" name="00006: Check for EMP_DTL_TYPE"/>
    <testcase classname="LAUNCHCX.CWKTCOBX_Scenario.00001: CWKTCOBXCase1.CWKTCOBX_RPTFILE_FILE_01.00010: RPTFILE assertion" name="00007: Check for FILLER3"/>
    <testcase classname="LAUNCHCX.CWKTCOBX_Scenario.00001: CWKTCOBXCase1.CWKTCOBX_RPTFILE_FILE_01.00010: RPTFILE assertion" name="00008: Check for EMP_DTL_HIRE_MM"/>
    <testcase classname="LAUNCHCX.CWKTCOBX_Scenario.00001: CWKTCOBXCase1.CWKTCOBX_RPTFILE_FILE_01.00010: RPTFILE assertion" name="00009: Check for EMP_DTL_SLASH1"/>
    <testcase classname="LAUNCHCX.CWKTCOBX_Scenario.00001: CWKTCOBXCase1.CWKTCOBX_RPTFILE_FILE_01.00010: RPTFILE assertion" name="00010: Check for EMP_DTL_HIRE_DD"/>
    <testcase classname="LAUNCHCX.CWKTCOBX_Scenario.00001: CWKTCOBXCase1.CWKTCOBX_RPTFILE_FILE_01.00010: RPTFILE assertion" name="00011: Check for EMP_DTL_SLASH2"/>
    <testcase classname="LAUNCHCX.CWKTCOBX_Scenario.00001: CWKTCOBXCase1.CWKTCOBX_RPTFILE_FILE_01.00010: RPTFILE assertion" name="00012: Check for EMP_DTL_HIRE_YY"/>
    <testcase classname="LAUNCHCX.CWKTCOBX_Scenario.00001: CWKTCOBXCase1.CWKTCOBX_RPTFILE_FILE_01.00010: RPTFILE assertion" name="00013: Check for FILLER4"/>
    <testcase classname="LAUNCHCX.CWKTCOBX_Scenario.00001: CWKTCOBXCase1.CWKTCOBX_RPTFILE_FILE_01.00010: RPTFILE assertion" name="00014: Check for EMP_DTL_YRS_OF_SERVICE"/>
    <testcase classname="LAUNCHCX.CWKTCOBX_Scenario.00001: CWKTCOBXCase1.CWKTCOBX_RPTFILE_FILE_01.00010: RPTFILE assertion" name="00015: Check for FILLER5"/>
    <testcase classname="LAUNCHCX.CWKTCOBX_Scenario.00001: CWKTCOBXCase1.CWKTCOBX_RPTFILE_FILE_01.00010: RPTFILE assertion" name="00016: Check for EMP_DTL_WAGES"/>
    <testcase classname="LAUNCHCX.CWKTCOBX_Scenario.00001: CWKTCOBXCase1.CWKTCOBX_RPTFILE_FILE_01.00010: RPTFILE assertion" name="00017: Check for FILLER6"/>
    <testcase classname="LAUNCHCX.CWKTCOBX_Scenario.00001: CWKTCOBXCase1.CWKTCOBX_RPTFILE_FILE_01.00010: RPTFILE assertion" name="00018: Check for EMP_DTL_OT"/>
    <testcase classname="LAUNCHCX.CWKTCOBX_Scenario.00001: CWKTCOBXCase1.CWKTCOBX_RPTFILE_FILE_01.00010: RPTFILE assertion" name="00019: Check for FILLER7"/>
    <testcase classname="LAUNCHCX.CWKTCOBX_Scenario.00001: CWKTCOBXCase1.CWKTCOBX_RPTFILE_FILE_01.00010: RPTFILE assertion" name="00020: Check for EMP_DTL_COMM"/>
    <testcase classname="LAUNCHCX.CWKTCOBX_Scenario.00001: CWKTCOBXCase1.CWKTCOBX_RPTFILE_FILE_01.00010: RPTFILE assertion" name="00021: Check for FILLER8"/>
    <testcase classname="LAUNCHCX.CWKTCOBX_Scenario.00001: CWKTCOBXCase1.CWKTCOBX_RPTFILE_FILE_01.00010: RPTFILE assertion" name="00022: Check for EMP_DTL_TOTAL"/>
  </testsuite>
  <testsuite errors="0" failures="0" name="LAUNCHCX.CWKTCOBX_Scenario.00001: CWKTCOBXCase1.CWKTCOBX_RPTFILE_FILE_01.00011: RPTFILE assertion" tests="22">
    <testcase classname="LAUNCHCX.CWKTCOBX_Scenario.00001: CWKTCOBXCase1.CWKTCOBX_RPTFILE_FILE_01.00011: RPTFILE assertion" name="00001: Check for FILLER0"/>
    <testcase classname="LAUNCHCX.CWKTCOBX_Scenario.00001: CWKTCOBXCase1.CWKTCOBX_RPTFILE_FILE_01.00011: RPTFILE assertion" name="00002: Check for EMP_DTL_NAME"/>
    <testcase classname="LAUNCHCX.CWKTCOBX_Scenario.00001: CWKTCOBXCase1.CWKTCOBX_RPTFILE_FILE_01.00011: RPTFILE assertion" name="00003: Check for FILLER1"/>
    <testcase classname="LAUNCHCX.CWKTCOBX_Scenario.00001: CWKTCOBXCase1.CWKTCOBX_RPTFILE_FILE_01.00011: RPTFILE assertion" name="00004: Check for EMP_DTL_REGION"/>
    <testcase classname="LAUNCHCX.CWKTCOBX_Scenario.00001: CWKTCOBXCase1.CWKTCOBX_RPTFILE_FILE_01.00011: RPTFILE assertion" name="00005: Check for FILLER2"/>
    <testcase classname="LAUNCHCX.CWKTCOBX_Scenario.00001: CWKTCOBXCase1.CWKTCOBX_RPTFILE_FILE_01.00011: RPTFILE assertion" name="00006: Check for EMP_DTL_TYPE"/>
    <testcase classname="LAUNCHCX.CWKTCOBX_Scenario.00001: CWKTCOBXCase1.CWKTCOBX_RPTFILE_FILE_01.00011: RPTFILE assertion" name="00007: Check for FILLER3"/>
    <testcase classname="LAUNCHCX.CWKTCOBX_Scenario.00001: CWKTCOBXCase1.CWKTCOBX_RPTFILE_FILE_01.00011: RPTFILE assertion" name="00008: Check for EMP_DTL_HIRE_MM"/>
    <testcase classname="LAUNCHCX.CWKTCOBX_Scenario.00001: CWKTCOBXCase1.CWKTCOBX_RPTFILE_FILE_01.00011: RPTFILE assertion" name="00009: Check for EMP_DTL_SLASH1"/>
    <testcase classname="LAUNCHCX.CWKTCOBX_Scenario.00001: CWKTCOBXCase1.CWKTCOBX_RPTFILE_FILE_01.00011: RPTFILE assertion" name="00010: Check for EMP_DTL_HIRE_DD"/>
    <testcase classname="LAUNCHCX.CWKTCOBX_Scenario.00001: CWKTCOBXCase1.CWKTCOBX_RPTFILE_FILE_01.00011: RPTFILE assertion" name="00011: Check for EMP_DTL_SLASH2"/>
    <testcase classname="LAUNCHCX.CWKTCOBX_Scenario.00001: CWKTCOBXCase1.CWKTCOBX_RPTFILE_FILE_01.00011: RPTFILE assertion" name="00012: Check for EMP_DTL_HIRE_YY"/>
    <testcase classname="LAUNCHCX.CWKTCOBX_Scenario.00001: CWKTCOBXCase1.CWKTCOBX_RPTFILE_FILE_01.00011: RPTFILE assertion" name="00013: Check for FILLER4"/>
    <testcase classname="LAUNCHCX.CWKTCOBX_Scenario.00001: CWKTCOBXCase1.CWKTCOBX_RPTFILE_FILE_01.00011: RPTFILE assertion" name="00014: Check for EMP_DTL_YRS_OF_SERVICE"/>
    <testcase classname="LAUNCHCX.CWKTCOBX_Scenario.00001: CWKTCOBXCase1.CWKTCOBX_RPTFILE_FILE_01.00011: RPTFILE assertion" name="00015: Check for FILLER5"/>
    <testcase classname="LAUNCHCX.CWKTCOBX_Scenario.00001: CWKTCOBXCase1.CWKTCOBX_RPTFILE_FILE_01.00011: RPTFILE assertion" name="00016: Check for EMP_DTL_WAGES"/>
    <testcase classname="LAUNCHCX.CWKTCOBX_Scenario.00001: CWKTCOBXCase1.CWKTCOBX_RPTFILE_FILE_01.00011: RPTFILE assertion" name="00017: Check for FILLER6"/>
    <testcase classname="LAUNCHCX.CWKTCOBX_Scenario.00001: CWKTCOBXCase1.CWKTCOBX_RPTFILE_FILE_01.00011: RPTFILE assertion" name="00018: Check for EMP_DTL_OT"/>
    <testcase classname="LAUNCHCX.CWKTCOBX_Scenario.00001: CWKTCOBXCase1.CWKTCOBX_RPTFILE_FILE_01.00011: RPTFILE assertion" name="00019: Check for FILLER7"/>
    <testcase classname="LAUNCHCX.CWKTCOBX_Scenario.00001: CWKTCOBXCase1.CWKTCOBX_RPTFILE_FILE_01.00011: RPTFILE assertion" name="00020: Check for EMP_DTL_COMM"/>
    <testcase classname="LAUNCHCX.CWKTCOBX_Scenario.00001: CWKTCOBXCase1.CWKTCOBX_RPTFILE_FILE_01.00011: RPTFILE assertion" name="00021: Check for FILLER8"/>
    <testcase classname="LAUNCHCX.CWKTCOBX_Scenario.00001: CWKTCOBXCase1.CWKTCOBX_RPTFILE_FILE_01.00011: RPTFILE assertion" name="00022: Check for EMP_DTL_TOTAL"/>
  </testsuite>
  <testsuite errors="0" failures="0" name="LAUNCHCX.CWKTCOBX_Scenario.00001: CWKTCOBXCase1.CWKTCOBX_RPTFILE_FILE_01.00012: RPTFILE assertion" tests="22">
    <testcase classname="LAUNCHCX.CWKTCOBX_Scenario.00001: CWKTCOBXCase1.CWKTCOBX_RPTFILE_FILE_01.00012: RPTFILE assertion" name="00001: Check for FILLER0"/>
    <testcase classname="LAUNCHCX.CWKTCOBX_Scenario.00001: CWKTCOBXCase1.CWKTCOBX_RPTFILE_FILE_01.00012: RPTFILE assertion" name="00002: Check for EMP_DTL_NAME"/>
    <testcase classname="LAUNCHCX.CWKTCOBX_Scenario.00001: CWKTCOBXCase1.CWKTCOBX_RPTFILE_FILE_01.00012: RPTFILE assertion" name="00003: Check for FILLER1"/>
    <testcase classname="LAUNCHCX.CWKTCOBX_Scenario.00001: CWKTCOBXCase1.CWKTCOBX_RPTFILE_FILE_01.00012: RPTFILE assertion" name="00004: Check for EMP_DTL_REGION"/>
    <testcase classname="LAUNCHCX.CWKTCOBX_Scenario.00001: CWKTCOBXCase1.CWKTCOBX_RPTFILE_FILE_01.00012: RPTFILE assertion" name="00005: Check for FILLER2"/>
    <testcase classname="LAUNCHCX.CWKTCOBX_Scenario.00001: CWKTCOBXCase1.CWKTCOBX_RPTFILE_FILE_01.00012: RPTFILE assertion" name="00006: Check for EMP_DTL_TYPE"/>
    <testcase classname="LAUNCHCX.CWKTCOBX_Scenario.00001: CWKTCOBXCase1.CWKTCOBX_RPTFILE_FILE_01.00012: RPTFILE assertion" name="00007: Check for FILLER3"/>
    <testcase classname="LAUNCHCX.CWKTCOBX_Scenario.00001: CWKTCOBXCase1.CWKTCOBX_RPTFILE_FILE_01.00012: RPTFILE assertion" name="00008: Check for EMP_DTL_HIRE_MM"/>
    <testcase classname="LAUNCHCX.CWKTCOBX_Scenario.00001: CWKTCOBXCase1.CWKTCOBX_RPTFILE_FILE_01.00012: RPTFILE assertion" name="00009: Check for EMP_DTL_SLASH1"/>
    <testcase classname="LAUNCHCX.CWKTCOBX_Scenario.00001: CWKTCOBXCase1.CWKTCOBX_RPTFILE_FILE_01.00012: RPTFILE assertion" name="00010: Check for EMP_DTL_HIRE_DD"/>
    <testcase classname="LAUNCHCX.CWKTCOBX_Scenario.00001: CWKTCOBXCase1.CWKTCOBX_RPTFILE_FILE_01.00012: RPTFILE assertion" name="00011: Check for EMP_DTL_SLASH2"/>
    <testcase classname="LAUNCHCX.CWKTCOBX_Scenario.00001: CWKTCOBXCase1.CWKTCOBX_RPTFILE_FILE_01.00012: RPTFILE assertion" name="00012: Check for EMP_DTL_HIRE_YY"/>
    <testcase classname="LAUNCHCX.CWKTCOBX_Scenario.00001: CWKTCOBXCase1.CWKTCOBX_RPTFILE_FILE_01.00012: RPTFILE assertion" name="00013: Check for FILLER4"/>
    <testcase classname="LAUNCHCX.CWKTCOBX_Scenario.00001: CWKTCOBXCase1.CWKTCOBX_RPTFILE_FILE_01.00012: RPTFILE assertion" name="00014: Check for EMP_DTL_YRS_OF_SERVICE"/>
    <testcase classname="LAUNCHCX.CWKTCOBX_Scenario.00001: CWKTCOBXCase1.CWKTCOBX_RPTFILE_FILE_01.00012: RPTFILE assertion" name="00015: Check for FILLER5"/>
    <testcase classname="LAUNCHCX.CWKTCOBX_Scenario.00001: CWKTCOBXCase1.CWKTCOBX_RPTFILE_FILE_01.00012: RPTFILE assertion" name="00016: Check for EMP_DTL_WAGES"/>
    <testcase classname="LAUNCHCX.CWKTCOBX_Scenario.00001: CWKTCOBXCase1.CWKTCOBX_RPTFILE_FILE_01.00012: RPTFILE assertion" name="00017: Check for FILLER6"/>
    <testcase classname="LAUNCHCX.CWKTCOBX_Scenario.00001: CWKTCOBXCase1.CWKTCOBX_RPTFILE_FILE_01.00012: RPTFILE assertion" name="00018: Check for EMP_DTL_OT"/>
    <testcase classname="LAUNCHCX.CWKTCOBX_Scenario.00001: CWKTCOBXCase1.CWKTCOBX_RPTFILE_FILE_01.00012: RPTFILE assertion" name="00019: Check for FILLER7"/>
    <testcase classname="LAUNCHCX.CWKTCOBX_Scenario.00001: CWKTCOBXCase1.CWKTCOBX_RPTFILE_FILE_01.00012: RPTFILE assertion" name="00020: Check for EMP_DTL_COMM"/>
    <testcase classname="LAUNCHCX.CWKTCOBX_Scenario.00001: CWKTCOBXCase1.CWKTCOBX_RPTFILE_FILE_01.00012: RPTFILE assertion" name="00021: Check for FILLER8"/>
    <testcase classname="LAUNCHCX.CWKTCOBX_Scenario.00001: CWKTCOBXCase1.CWKTCOBX_RPTFILE_FILE_01.00012: RPTFILE assertion" name="00022: Check for EMP_DTL_TOTAL"/>
  </testsuite>
  <testsuite errors="0" failures="0" name="LAUNCHCX.CWKTCOBX_Scenario.00001: CWKTCOBXCase1.CWKTCOBX_RPTFILE_FILE_01.00013: RPTFILE assertion" tests="22">
    <testcase classname="LAUNCHCX.CWKTCOBX_Scenario.00001: CWKTCOBXCase1.CWKTCOBX_RPTFILE_FILE_01.00013: RPTFILE assertion" name="00001: Check for FILLER0"/>
    <testcase classname="LAUNCHCX.CWKTCOBX_Scenario.00001: CWKTCOBXCase1.CWKTCOBX_RPTFILE_FILE_01.00013: RPTFILE assertion" name="00002: Check for EMP_DTL_NAME"/>
    <testcase classname="LAUNCHCX.CWKTCOBX_Scenario.00001: CWKTCOBXCase1.CWKTCOBX_RPTFILE_FILE_01.00013: RPTFILE assertion" name="00003: Check for FILLER1"/>
    <testcase classname="LAUNCHCX.CWKTCOBX_Scenario.00001: CWKTCOBXCase1.CWKTCOBX_RPTFILE_FILE_01.00013: RPTFILE assertion" name="00004: Check for EMP_DTL_REGION"/>
    <testcase classname="LAUNCHCX.CWKTCOBX_Scenario.00001: CWKTCOBXCase1.CWKTCOBX_RPTFILE_FILE_01.00013: RPTFILE assertion" name="00005: Check for FILLER2"/>
    <testcase classname="LAUNCHCX.CWKTCOBX_Scenario.00001: CWKTCOBXCase1.CWKTCOBX_RPTFILE_FILE_01.00013: RPTFILE assertion" name="00006: Check for EMP_DTL_TYPE"/>
    <testcase classname="LAUNCHCX.CWKTCOBX_Scenario.00001: CWKTCOBXCase1.CWKTCOBX_RPTFILE_FILE_01.00013: RPTFILE assertion" name="00007: Check for FILLER3"/>
    <testcase classname="LAUNCHCX.CWKTCOBX_Scenario.00001: CWKTCOBXCase1.CWKTCOBX_RPTFILE_FILE_01.00013: RPTFILE assertion" name="00008: Check for EMP_DTL_HIRE_MM"/>
    <testcase classname="LAUNCHCX.CWKTCOBX_Scenario.00001: CWKTCOBXCase1.CWKTCOBX_RPTFILE_FILE_01.00013: RPTFILE assertion" name="00009: Check for EMP_DTL_SLASH1"/>
    <testcase classname="LAUNCHCX.CWKTCOBX_Scenario.00001: CWKTCOBXCase1.CWKTCOBX_RPTFILE_FILE_01.00013: RPTFILE assertion" name="00010: Check for EMP_DTL_HIRE_DD"/>
    <testcase classname="LAUNCHCX.CWKTCOBX_Scenario.00001: CWKTCOBXCase1.CWKTCOBX_RPTFILE_FILE_01.00013: RPTFILE assertion" name="00011: Check for EMP_DTL_SLASH2"/>
    <testcase classname="LAUNCHCX.CWKTCOBX_Scenario.00001: CWKTCOBXCase1.CWKTCOBX_RPTFILE_FILE_01.00013: RPTFILE assertion" name="00012: Check for EMP_DTL_HIRE_YY"/>
    <testcase classname="LAUNCHCX.CWKTCOBX_Scenario.00001: CWKTCOBXCase1.CWKTCOBX_RPTFILE_FILE_01.00013: RPTFILE assertion" name="00013: Check for FILLER4"/>
    <testcase classname="LAUNCHCX.CWKTCOBX_Scenario.00001: CWKTCOBXCase1.CWKTCOBX_RPTFILE_FILE_01.00013: RPTFILE assertion" name="00014: Check for EMP_DTL_YRS_OF_SERVICE"/>
    <testcase classname="LAUNCHCX.CWKTCOBX_Scenario.00001: CWKTCOBXCase1.CWKTCOBX_RPTFILE_FILE_01.00013: RPTFILE assertion" name="00015: Check for FILLER5"/>
    <testcase classname="LAUNCHCX.CWKTCOBX_Scenario.00001: CWKTCOBXCase1.CWKTCOBX_RPTFILE_FILE_01.00013: RPTFILE assertion" name="00016: Check for EMP_DTL_WAGES"/>
    <testcase classname="LAUNCHCX.CWKTCOBX_Scenario.00001: CWKTCOBXCase1.CWKTCOBX_RPTFILE_FILE_01.00013: RPTFILE assertion" name="00017: Check for FILLER6"/>
    <testcase classname="LAUNCHCX.CWKTCOBX_Scenario.00001: CWKTCOBXCase1.CWKTCOBX_RPTFILE_FILE_01.00013: RPTFILE assertion" name="00018: Check for EMP_DTL_OT"/>
    <testcase classname="LAUNCHCX.CWKTCOBX_Scenario.00001: CWKTCOBXCase1.CWKTCOBX_RPTFILE_FILE_01.00013: RPTFILE assertion" name="00019: Check for FILLER7"/>
    <testcase classname="LAUNCHCX.CWKTCOBX_Scenario.00001: CWKTCOBXCase1.CWKTCOBX_RPTFILE_FILE_01.00013: RPTFILE assertion" name="00020: Check for EMP_DTL_COMM"/>
    <testcase classname="LAUNCHCX.CWKTCOBX_Scenario.00001: CWKTCOBXCase1.CWKTCOBX_RPTFILE_FILE_01.00013: RPTFILE assertion" name="00021: Check for FILLER8"/>
    <testcase classname="LAUNCHCX.CWKTCOBX_Scenario.00001: CWKTCOBXCase1.CWKTCOBX_RPTFILE_FILE_01.00013: RPTFILE assertion" name="00022: Check for EMP_DTL_TOTAL"/>
  </testsuite>
  <testsuite errors="0" failures="0" name="LAUNCHCX.CWKTCOBX_Scenario.00001: CWKTCOBXCase1.CWKTCOBX_RPTFILE_FILE_01.00014: RPTFILE assertion" tests="22">
    <testcase classname="LAUNCHCX.CWKTCOBX_Scenario.00001: CWKTCOBXCase1.CWKTCOBX_RPTFILE_FILE_01.00014: RPTFILE assertion" name="00001: Check for FILLER0"/>
    <testcase classname="LAUNCHCX.CWKTCOBX_Scenario.00001: CWKTCOBXCase1.CWKTCOBX_RPTFILE_FILE_01.00014: RPTFILE assertion" name="00002: Check for EMP_DTL_NAME"/>
    <testcase classname="LAUNCHCX.CWKTCOBX_Scenario.00001: CWKTCOBXCase1.CWKTCOBX_RPTFILE_FILE_01.00014: RPTFILE assertion" name="00003: Check for FILLER1"/>
    <testcase classname="LAUNCHCX.CWKTCOBX_Scenario.00001: CWKTCOBXCase1.CWKTCOBX_RPTFILE_FILE_01.00014: RPTFILE assertion" name="00004: Check for EMP_DTL_REGION"/>
    <testcase classname="LAUNCHCX.CWKTCOBX_Scenario.00001: CWKTCOBXCase1.CWKTCOBX_RPTFILE_FILE_01.00014: RPTFILE assertion" name="00005: Check for FILLER2"/>
    <testcase classname="LAUNCHCX.CWKTCOBX_Scenario.00001: CWKTCOBXCase1.CWKTCOBX_RPTFILE_FILE_01.00014: RPTFILE assertion" name="00006: Check for EMP_DTL_TYPE"/>
    <testcase classname="LAUNCHCX.CWKTCOBX_Scenario.00001: CWKTCOBXCase1.CWKTCOBX_RPTFILE_FILE_01.00014: RPTFILE assertion" name="00007: Check for FILLER3"/>
    <testcase classname="LAUNCHCX.CWKTCOBX_Scenario.00001: CWKTCOBXCase1.CWKTCOBX_RPTFILE_FILE_01.00014: RPTFILE assertion" name="00008: Check for EMP_DTL_HIRE_MM"/>
    <testcase classname="LAUNCHCX.CWKTCOBX_Scenario.00001: CWKTCOBXCase1.CWKTCOBX_RPTFILE_FILE_01.00014: RPTFILE assertion" name="00009: Check for EMP_DTL_SLASH1"/>
    <testcase classname="LAUNCHCX.CWKTCOBX_Scenario.00001: CWKTCOBXCase1.CWKTCOBX_RPTFILE_FILE_01.00014: RPTFILE assertion" name="00010: Check for EMP_DTL_HIRE_DD"/>
    <testcase classname="LAUNCHCX.CWKTCOBX_Scenario.00001: CWKTCOBXCase1.CWKTCOBX_RPTFILE_FILE_01.00014: RPTFILE assertion" name="00011: Check for EMP_DTL_SLASH2"/>
    <testcase classname="LAUNCHCX.CWKTCOBX_Scenario.00001: CWKTCOBXCase1.CWKTCOBX_RPTFILE_FILE_01.00014: RPTFILE assertion" name="00012: Check for EMP_DTL_HIRE_YY"/>
    <testcase classname="LAUNCHCX.CWKTCOBX_Scenario.00001: CWKTCOBXCase1.CWKTCOBX_RPTFILE_FILE_01.00014: RPTFILE assertion" name="00013: Check for FILLER4"/>
    <testcase classname="LAUNCHCX.CWKTCOBX_Scenario.00001: CWKTCOBXCase1.CWKTCOBX_RPTFILE_FILE_01.00014: RPTFILE assertion" name="00014: Check for EMP_DTL_YRS_OF_SERVICE"/>
    <testcase classname="LAUNCHCX.CWKTCOBX_Scenario.00001: CWKTCOBXCase1.CWKTCOBX_RPTFILE_FILE_01.00014: RPTFILE assertion" name="00015: Check for FILLER5"/>
    <testcase classname="LAUNCHCX.CWKTCOBX_Scenario.00001: CWKTCOBXCase1.CWKTCOBX_RPTFILE_FILE_01.00014: RPTFILE assertion" name="00016: Check for EMP_DTL_WAGES"/>
    <testcase classname="LAUNCHCX.CWKTCOBX_Scenario.00001: CWKTCOBXCase1.CWKTCOBX_RPTFILE_FILE_01.00014: RPTFILE assertion" name="00017: Check for FILLER6"/>
    <testcase classname="LAUNCHCX.CWKTCOBX_Scenario.00001: CWKTCOBXCase1.CWKTCOBX_RPTFILE_FILE_01.00014: RPTFILE assertion" name="00018: Check for EMP_DTL_OT"/>
    <testcase classname="LAUNCHCX.CWKTCOBX_Scenario.00001: CWKTCOBXCase1.CWKTCOBX_RPTFILE_FILE_01.00014: RPTFILE assertion" name="00019: Check for FILLER7"/>
    <testcase classname="LAUNCHCX.CWKTCOBX_Scenario.00001: CWKTCOBXCase1.CWKTCOBX_RPTFILE_FILE_01.00014: RPTFILE assertion" name="00020: Check for EMP_DTL_COMM"/>
    <testcase classname="LAUNCHCX.CWKTCOBX_Scenario.00001: CWKTCOBXCase1.CWKTCOBX_RPTFILE_FILE_01.00014: RPTFILE assertion" name="00021: Check for FILLER8"/>
    <testcase classname="LAUNCHCX.CWKTCOBX_Scenario.00001: CWKTCOBXCase1.CWKTCOBX_RPTFILE_FILE_01.00014: RPTFILE assertion" name="00022: Check for EMP_DTL_TOTAL"/>
  </testsuite>
  <testsuite errors="0" failures="0" name="LAUNCHCX.CWKTCOBX_Scenario.00001: CWKTCOBXCase1.CWKTCOBX_RPTFILE_FILE_01.00015: RPTFILE assertion" tests="22">
    <testcase classname="LAUNCHCX.CWKTCOBX_Scenario.00001: CWKTCOBXCase1.CWKTCOBX_RPTFILE_FILE_01.00015: RPTFILE assertion" name="00001: Check for FILLER0"/>
    <testcase classname="LAUNCHCX.CWKTCOBX_Scenario.00001: CWKTCOBXCase1.CWKTCOBX_RPTFILE_FILE_01.00015: RPTFILE assertion" name="00002: Check for EMP_DTL_NAME"/>
    <testcase classname="LAUNCHCX.CWKTCOBX_Scenario.00001: CWKTCOBXCase1.CWKTCOBX_RPTFILE_FILE_01.00015: RPTFILE assertion" name="00003: Check for FILLER1"/>
    <testcase classname="LAUNCHCX.CWKTCOBX_Scenario.00001: CWKTCOBXCase1.CWKTCOBX_RPTFILE_FILE_01.00015: RPTFILE assertion" name="00004: Check for EMP_DTL_REGION"/>
    <testcase classname="LAUNCHCX.CWKTCOBX_Scenario.00001: CWKTCOBXCase1.CWKTCOBX_RPTFILE_FILE_01.00015: RPTFILE assertion" name="00005: Check for FILLER2"/>
    <testcase classname="LAUNCHCX.CWKTCOBX_Scenario.00001: CWKTCOBXCase1.CWKTCOBX_RPTFILE_FILE_01.00015: RPTFILE assertion" name="00006: Check for EMP_DTL_TYPE"/>
    <testcase classname="LAUNCHCX.CWKTCOBX_Scenario.00001: CWKTCOBXCase1.CWKTCOBX_RPTFILE_FILE_01.00015: RPTFILE assertion" name="00007: Check for FILLER3"/>
    <testcase classname="LAUNCHCX.CWKTCOBX_Scenario.00001: CWKTCOBXCase1.CWKTCOBX_RPTFILE_FILE_01.00015: RPTFILE assertion" name="00008: Check for EMP_DTL_HIRE_MM"/>
    <testcase classname="LAUNCHCX.CWKTCOBX_Scenario.00001: CWKTCOBXCase1.CWKTCOBX_RPTFILE_FILE_01.00015: RPTFILE assertion" name="00009: Check for EMP_DTL_SLASH1"/>
    <testcase classname="LAUNCHCX.CWKTCOBX_Scenario.00001: CWKTCOBXCase1.CWKTCOBX_RPTFILE_FILE_01.00015: RPTFILE assertion" name="00010: Check for EMP_DTL_HIRE_DD"/>
    <testcase classname="LAUNCHCX.CWKTCOBX_Scenario.00001: CWKTCOBXCase1.CWKTCOBX_RPTFILE_FILE_01.00015: RPTFILE assertion" name="00011: Check for EMP_DTL_SLASH2"/>
    <testcase classname="LAUNCHCX.CWKTCOBX_Scenario.00001: CWKTCOBXCase1.CWKTCOBX_RPTFILE_FILE_01.00015: RPTFILE assertion" name="00012: Check for EMP_DTL_HIRE_YY"/>
    <testcase classname="LAUNCHCX.CWKTCOBX_Scenario.00001: CWKTCOBXCase1.CWKTCOBX_RPTFILE_FILE_01.00015: RPTFILE assertion" name="00013: Check for FILLER4"/>
    <testcase classname="LAUNCHCX.CWKTCOBX_Scenario.00001: CWKTCOBXCase1.CWKTCOBX_RPTFILE_FILE_01.00015: RPTFILE assertion" name="00014: Check for EMP_DTL_YRS_OF_SERVICE"/>
    <testcase classname="LAUNCHCX.CWKTCOBX_Scenario.00001: CWKTCOBXCase1.CWKTCOBX_RPTFILE_FILE_01.00015: RPTFILE assertion" name="00015: Check for FILLER5"/>
    <testcase classname="LAUNCHCX.CWKTCOBX_Scenario.00001: CWKTCOBXCase1.CWKTCOBX_RPTFILE_FILE_01.00015: RPTFILE assertion" name="00016: Check for EMP_DTL_WAGES"/>
    <testcase classname="LAUNCHCX.CWKTCOBX_Scenario.00001: CWKTCOBXCase1.CWKTCOBX_RPTFILE_FILE_01.00015: RPTFILE assertion" name="00017: Check for FILLER6"/>
    <testcase classname="LAUNCHCX.CWKTCOBX_Scenario.00001: CWKTCOBXCase1.CWKTCOBX_RPTFILE_FILE_01.00015: RPTFILE assertion" name="00018: Check for EMP_DTL_OT"/>
    <testcase classname="LAUNCHCX.CWKTCOBX_Scenario.00001: CWKTCOBXCase1.CWKTCOBX_RPTFILE_FILE_01.00015: RPTFILE assertion" name="00019: Check for FILLER7"/>
    <testcase classname="LAUNCHCX.CWKTCOBX_Scenario.00001: CWKTCOBXCase1.CWKTCOBX_RPTFILE_FILE_01.00015: RPTFILE assertion" name="00020: Check for EMP_DTL_COMM"/>
    <testcase classname="LAUNCHCX.CWKTCOBX_Scenario.00001: CWKTCOBXCase1.CWKTCOBX_RPTFILE_FILE_01.00015: RPTFILE assertion" name="00021: Check for FILLER8"/>
    <testcase classname="LAUNCHCX.CWKTCOBX_Scenario.00001: CWKTCOBXCase1.CWKTCOBX_RPTFILE_FILE_01.00015: RPTFILE assertion" name="00022: Check for EMP_DTL_TOTAL"/>
  </testsuite>
  <testsuite errors="0" failures="0" name="LAUNCHCX.CWKTCOBX_Scenario.00001: CWKTCOBXCase1.CWKTCOBX_RPTFILE_FILE_01.00016: RPTFILE assertion" tests="22">
    <testcase classname="LAUNCHCX.CWKTCOBX_Scenario.00001: CWKTCOBXCase1.CWKTCOBX_RPTFILE_FILE_01.00016: RPTFILE assertion" name="00001: Check for FILLER0"/>
    <testcase classname="LAUNCHCX.CWKTCOBX_Scenario.00001: CWKTCOBXCase1.CWKTCOBX_RPTFILE_FILE_01.00016: RPTFILE assertion" name="00002: Check for EMP_DTL_NAME"/>
    <testcase classname="LAUNCHCX.CWKTCOBX_Scenario.00001: CWKTCOBXCase1.CWKTCOBX_RPTFILE_FILE_01.00016: RPTFILE assertion" name="00003: Check for FILLER1"/>
    <testcase classname="LAUNCHCX.CWKTCOBX_Scenario.00001: CWKTCOBXCase1.CWKTCOBX_RPTFILE_FILE_01.00016: RPTFILE assertion" name="00004: Check for EMP_DTL_REGION"/>
    <testcase classname="LAUNCHCX.CWKTCOBX_Scenario.00001: CWKTCOBXCase1.CWKTCOBX_RPTFILE_FILE_01.00016: RPTFILE assertion" name="00005: Check for FILLER2"/>
    <testcase classname="LAUNCHCX.CWKTCOBX_Scenario.00001: CWKTCOBXCase1.CWKTCOBX_RPTFILE_FILE_01.00016: RPTFILE assertion" name="00006: Check for EMP_DTL_TYPE"/>
    <testcase classname="LAUNCHCX.CWKTCOBX_Scenario.00001: CWKTCOBXCase1.CWKTCOBX_RPTFILE_FILE_01.00016: RPTFILE assertion" name="00007: Check for FILLER3"/>
    <testcase classname="LAUNCHCX.CWKTCOBX_Scenario.00001: CWKTCOBXCase1.CWKTCOBX_RPTFILE_FILE_01.00016: RPTFILE assertion" name="00008: Check for EMP_DTL_HIRE_MM"/>
    <testcase classname="LAUNCHCX.CWKTCOBX_Scenario.00001: CWKTCOBXCase1.CWKTCOBX_RPTFILE_FILE_01.00016: RPTFILE assertion" name="00009: Check for EMP_DTL_SLASH1"/>
    <testcase classname="LAUNCHCX.CWKTCOBX_Scenario.00001: CWKTCOBXCase1.CWKTCOBX_RPTFILE_FILE_01.00016: RPTFILE assertion" name="00010: Check for EMP_DTL_HIRE_DD"/>
    <testcase classname="LAUNCHCX.CWKTCOBX_Scenario.00001: CWKTCOBXCase1.CWKTCOBX_RPTFILE_FILE_01.00016: RPTFILE assertion" name="00011: Check for EMP_DTL_SLASH2"/>
    <testcase classname="LAUNCHCX.CWKTCOBX_Scenario.00001: CWKTCOBXCase1.CWKTCOBX_RPTFILE_FILE_01.00016: RPTFILE assertion" name="00012: Check for EMP_DTL_HIRE_YY"/>
    <testcase classname="LAUNCHCX.CWKTCOBX_Scenario.00001: CWKTCOBXCase1.CWKTCOBX_RPTFILE_FILE_01.00016: RPTFILE assertion" name="00013: Check for FILLER4"/>
    <testcase classname="LAUNCHCX.CWKTCOBX_Scenario.00001: CWKTCOBXCase1.CWKTCOBX_RPTFILE_FILE_01.00016: RPTFILE assertion" name="00014: Check for EMP_DTL_YRS_OF_SERVICE"/>
    <testcase classname="LAUNCHCX.CWKTCOBX_Scenario.00001: CWKTCOBXCase1.CWKTCOBX_RPTFILE_FILE_01.00016: RPTFILE assertion" name="00015: Check for FILLER5"/>
    <testcase classname="LAUNCHCX.CWKTCOBX_Scenario.00001: CWKTCOBXCase1.CWKTCOBX_RPTFILE_FILE_01.00016: RPTFILE assertion" name="00016: Check for EMP_DTL_WAGES"/>
    <testcase classname="LAUNCHCX.CWKTCOBX_Scenario.00001: CWKTCOBXCase1.CWKTCOBX_RPTFILE_FILE_01.00016: RPTFILE assertion" name="00017: Check for FILLER6"/>
    <testcase classname="LAUNCHCX.CWKTCOBX_Scenario.00001: CWKTCOBXCase1.CWKTCOBX_RPTFILE_FILE_01.00016: RPTFILE assertion" name="00018: Check for EMP_DTL_OT"/>
    <testcase classname="LAUNCHCX.CWKTCOBX_Scenario.00001: CWKTCOBXCase1.CWKTCOBX_RPTFILE_FILE_01.00016: RPTFILE assertion" name="00019: Check for FILLER7"/>
    <testcase classname="LAUNCHCX.CWKTCOBX_Scenario.00001: CWKTCOBXCase1.CWKTCOBX_RPTFILE_FILE_01.00016: RPTFILE assertion" name="00020: Check for EMP_DTL_COMM"/>
    <testcase classname="LAUNCHCX.CWKTCOBX_Scenario.00001: CWKTCOBXCase1.CWKTCOBX_RPTFILE_FILE_01.00016: RPTFILE assertion" name="00021: Check for FILLER8"/>
    <testcase classname="LAUNCHCX.CWKTCOBX_Scenario.00001: CWKTCOBXCase1.CWKTCOBX_RPTFILE_FILE_01.00016: RPTFILE assertion" name="00022: Check for EMP_DTL_TOTAL"/>
  </testsuite>
  <testsuite errors="0" failures="0" name="LAUNCHCX.CWKTCOBX_Scenario.00001: CWKTCOBXCase1.CWKTCOBX_RPTFILE_FILE_01.00017: RPTFILE assertion" tests="22">
    <testcase classname="LAUNCHCX.CWKTCOBX_Scenario.00001: CWKTCOBXCase1.CWKTCOBX_RPTFILE_FILE_01.00017: RPTFILE assertion" name="00001: Check for FILLER0"/>
    <testcase classname="LAUNCHCX.CWKTCOBX_Scenario.00001: CWKTCOBXCase1.CWKTCOBX_RPTFILE_FILE_01.00017: RPTFILE assertion" name="00002: Check for EMP_DTL_NAME"/>
    <testcase classname="LAUNCHCX.CWKTCOBX_Scenario.00001: CWKTCOBXCase1.CWKTCOBX_RPTFILE_FILE_01.00017: RPTFILE assertion" name="00003: Check for FILLER1"/>
    <testcase classname="LAUNCHCX.CWKTCOBX_Scenario.00001: CWKTCOBXCase1.CWKTCOBX_RPTFILE_FILE_01.00017: RPTFILE assertion" name="00004: Check for EMP_DTL_REGION"/>
    <testcase classname="LAUNCHCX.CWKTCOBX_Scenario.00001: CWKTCOBXCase1.CWKTCOBX_RPTFILE_FILE_01.00017: RPTFILE assertion" name="00005: Check for FILLER2"/>
    <testcase classname="LAUNCHCX.CWKTCOBX_Scenario.00001: CWKTCOBXCase1.CWKTCOBX_RPTFILE_FILE_01.00017: RPTFILE assertion" name="00006: Check for EMP_DTL_TYPE"/>
    <testcase classname="LAUNCHCX.CWKTCOBX_Scenario.00001: CWKTCOBXCase1.CWKTCOBX_RPTFILE_FILE_01.00017: RPTFILE assertion" name="00007: Check for FILLER3"/>
    <testcase classname="LAUNCHCX.CWKTCOBX_Scenario.00001: CWKTCOBXCase1.CWKTCOBX_RPTFILE_FILE_01.00017: RPTFILE assertion" name="00008: Check for EMP_DTL_HIRE_MM"/>
    <testcase classname="LAUNCHCX.CWKTCOBX_Scenario.00001: CWKTCOBXCase1.CWKTCOBX_RPTFILE_FILE_01.00017: RPTFILE assertion" name="00009: Check for EMP_DTL_SLASH1"/>
    <testcase classname="LAUNCHCX.CWKTCOBX_Scenario.00001: CWKTCOBXCase1.CWKTCOBX_RPTFILE_FILE_01.00017: RPTFILE assertion" name="00010: Check for EMP_DTL_HIRE_DD"/>
    <testcase classname="LAUNCHCX.CWKTCOBX_Scenario.00001: CWKTCOBXCase1.CWKTCOBX_RPTFILE_FILE_01.00017: RPTFILE assertion" name="00011: Check for EMP_DTL_SLASH2"/>
    <testcase classname="LAUNCHCX.CWKTCOBX_Scenario.00001: CWKTCOBXCase1.CWKTCOBX_RPTFILE_FILE_01.00017: RPTFILE assertion" name="00012: Check for EMP_DTL_HIRE_YY"/>
    <testcase classname="LAUNCHCX.CWKTCOBX_Scenario.00001: CWKTCOBXCase1.CWKTCOBX_RPTFILE_FILE_01.00017: RPTFILE assertion" name="00013: Check for FILLER4"/>
    <testcase classname="LAUNCHCX.CWKTCOBX_Scenario.00001: CWKTCOBXCase1.CWKTCOBX_RPTFILE_FILE_01.00017: RPTFILE assertion" name="00014: Check for EMP_DTL_YRS_OF_SERVICE"/>
    <testcase classname="LAUNCHCX.CWKTCOBX_Scenario.00001: CWKTCOBXCase1.CWKTCOBX_RPTFILE_FILE_01.00017: RPTFILE assertion" name="00015: Check for FILLER5"/>
    <testcase classname="LAUNCHCX.CWKTCOBX_Scenario.00001: CWKTCOBXCase1.CWKTCOBX_RPTFILE_FILE_01.00017: RPTFILE assertion" name="00016: Check for EMP_DTL_WAGES"/>
    <testcase classname="LAUNCHCX.CWKTCOBX_Scenario.00001: CWKTCOBXCase1.CWKTCOBX_RPTFILE_FILE_01.00017: RPTFILE assertion" name="00017: Check for FILLER6"/>
    <testcase classname="LAUNCHCX.CWKTCOBX_Scenario.00001: CWKTCOBXCase1.CWKTCOBX_RPTFILE_FILE_01.00017: RPTFILE assertion" name="00018: Check for EMP_DTL_OT"/>
    <testcase classname="LAUNCHCX.CWKTCOBX_Scenario.00001: CWKTCOBXCase1.CWKTCOBX_RPTFILE_FILE_01.00017: RPTFILE assertion" name="00019: Check for FILLER7"/>
    <testcase classname="LAUNCHCX.CWKTCOBX_Scenario.00001: CWKTCOBXCase1.CWKTCOBX_RPTFILE_FILE_01.00017: RPTFILE assertion" name="00020: Check for EMP_DTL_COMM"/>
    <testcase classname="LAUNCHCX.CWKTCOBX_Scenario.00001: CWKTCOBXCase1.CWKTCOBX_RPTFILE_FILE_01.00017: RPTFILE assertion" name="00021: Check for FILLER8"/>
    <testcase classname="LAUNCHCX.CWKTCOBX_Scenario.00001: CWKTCOBXCase1.CWKTCOBX_RPTFILE_FILE_01.00017: RPTFILE assertion" name="00022: Check for EMP_DTL_TOTAL"/>
  </testsuite>
  <testsuite errors="0" failures="0" name="LAUNCHCX.CWKTCOBX_Scenario.00001: CWKTCOBXCase1.CWKTCOBX_RPTFILE_FILE_01.00018: RPTFILE assertion" tests="22">
    <testcase classname="LAUNCHCX.CWKTCOBX_Scenario.00001: CWKTCOBXCase1.CWKTCOBX_RPTFILE_FILE_01.00018: RPTFILE assertion" name="00001: Check for FILLER0"/>
    <testcase classname="LAUNCHCX.CWKTCOBX_Scenario.00001: CWKTCOBXCase1.CWKTCOBX_RPTFILE_FILE_01.00018: RPTFILE assertion" name="00002: Check for EMP_DTL_NAME"/>
    <testcase classname="LAUNCHCX.CWKTCOBX_Scenario.00001: CWKTCOBXCase1.CWKTCOBX_RPTFILE_FILE_01.00018: RPTFILE assertion" name="00003: Check for FILLER1"/>
    <testcase classname="LAUNCHCX.CWKTCOBX_Scenario.00001: CWKTCOBXCase1.CWKTCOBX_RPTFILE_FILE_01.00018: RPTFILE assertion" name="00004: Check for EMP_DTL_REGION"/>
    <testcase classname="LAUNCHCX.CWKTCOBX_Scenario.00001: CWKTCOBXCase1.CWKTCOBX_RPTFILE_FILE_01.00018: RPTFILE assertion" name="00005: Check for FILLER2"/>
    <testcase classname="LAUNCHCX.CWKTCOBX_Scenario.00001: CWKTCOBXCase1.CWKTCOBX_RPTFILE_FILE_01.00018: RPTFILE assertion" name="00006: Check for EMP_DTL_TYPE"/>
    <testcase classname="LAUNCHCX.CWKTCOBX_Scenario.00001: CWKTCOBXCase1.CWKTCOBX_RPTFILE_FILE_01.00018: RPTFILE assertion" name="00007: Check for FILLER3"/>
    <testcase classname="LAUNCHCX.CWKTCOBX_Scenario.00001: CWKTCOBXCase1.CWKTCOBX_RPTFILE_FILE_01.00018: RPTFILE assertion" name="00008: Check for EMP_DTL_HIRE_MM"/>
    <testcase classname="LAUNCHCX.CWKTCOBX_Scenario.00001: CWKTCOBXCase1.CWKTCOBX_RPTFILE_FILE_01.00018: RPTFILE assertion" name="00009: Check for EMP_DTL_SLASH1"/>
    <testcase classname="LAUNCHCX.CWKTCOBX_Scenario.00001: CWKTCOBXCase1.CWKTCOBX_RPTFILE_FILE_01.00018: RPTFILE assertion" name="00010: Check for EMP_DTL_HIRE_DD"/>
    <testcase classname="LAUNCHCX.CWKTCOBX_Scenario.00001: CWKTCOBXCase1.CWKTCOBX_RPTFILE_FILE_01.00018: RPTFILE assertion" name="00011: Check for EMP_DTL_SLASH2"/>
    <testcase classname="LAUNCHCX.CWKTCOBX_Scenario.00001: CWKTCOBXCase1.CWKTCOBX_RPTFILE_FILE_01.00018: RPTFILE assertion" name="00012: Check for EMP_DTL_HIRE_YY"/>
    <testcase classname="LAUNCHCX.CWKTCOBX_Scenario.00001: CWKTCOBXCase1.CWKTCOBX_RPTFILE_FILE_01.00018: RPTFILE assertion" name="00013: Check for FILLER4"/>
    <testcase classname="LAUNCHCX.CWKTCOBX_Scenario.00001: CWKTCOBXCase1.CWKTCOBX_RPTFILE_FILE_01.00018: RPTFILE assertion" name="00014: Check for EMP_DTL_YRS_OF_SERVICE"/>
    <testcase classname="LAUNCHCX.CWKTCOBX_Scenario.00001: CWKTCOBXCase1.CWKTCOBX_RPTFILE_FILE_01.00018: RPTFILE assertion" name="00015: Check for FILLER5"/>
    <testcase classname="LAUNCHCX.CWKTCOBX_Scenario.00001: CWKTCOBXCase1.CWKTCOBX_RPTFILE_FILE_01.00018: RPTFILE assertion" name="00016: Check for EMP_DTL_WAGES"/>
    <testcase classname="LAUNCHCX.CWKTCOBX_Scenario.00001: CWKTCOBXCase1.CWKTCOBX_RPTFILE_FILE_01.00018: RPTFILE assertion" name="00017: Check for FILLER6"/>
    <testcase classname="LAUNCHCX.CWKTCOBX_Scenario.00001: CWKTCOBXCase1.CWKTCOBX_RPTFILE_FILE_01.00018: RPTFILE assertion" name="00018: Check for EMP_DTL_OT"/>
    <testcase classname="LAUNCHCX.CWKTCOBX_Scenario.00001: CWKTCOBXCase1.CWKTCOBX_RPTFILE_FILE_01.00018: RPTFILE assertion" name="00019: Check for FILLER7"/>
    <testcase classname="LAUNCHCX.CWKTCOBX_Scenario.00001: CWKTCOBXCase1.CWKTCOBX_RPTFILE_FILE_01.00018: RPTFILE assertion" name="00020: Check for EMP_DTL_COMM"/>
    <testcase classname="LAUNCHCX.CWKTCOBX_Scenario.00001: CWKTCOBXCase1.CWKTCOBX_RPTFILE_FILE_01.00018: RPTFILE assertion" name="00021: Check for FILLER8"/>
    <testcase classname="LAUNCHCX.CWKTCOBX_Scenario.00001: CWKTCOBXCase1.CWKTCOBX_RPTFILE_FILE_01.00018: RPTFILE assertion" name="00022: Check for EMP_DTL_TOTAL"/>
  </testsuite>
  <testsuite errors="0" failures="0" name="LAUNCHCX.CWKTCOBX_Scenario.00001: CWKTCOBXCase1.CWKTCOBX_RPTFILE_FILE_01.00019: RPTFILE assertion" tests="22">
    <testcase classname="LAUNCHCX.CWKTCOBX_Scenario.00001: CWKTCOBXCase1.CWKTCOBX_RPTFILE_FILE_01.00019: RPTFILE assertion" name="00001: Check for FILLER0"/>
    <testcase classname="LAUNCHCX.CWKTCOBX_Scenario.00001: CWKTCOBXCase1.CWKTCOBX_RPTFILE_FILE_01.00019: RPTFILE assertion" name="00002: Check for EMP_DTL_NAME"/>
    <testcase classname="LAUNCHCX.CWKTCOBX_Scenario.00001: CWKTCOBXCase1.CWKTCOBX_RPTFILE_FILE_01.00019: RPTFILE assertion" name="00003: Check for FILLER1"/>
    <testcase classname="LAUNCHCX.CWKTCOBX_Scenario.00001: CWKTCOBXCase1.CWKTCOBX_RPTFILE_FILE_01.00019: RPTFILE assertion" name="00004: Check for EMP_DTL_REGION"/>
    <testcase classname="LAUNCHCX.CWKTCOBX_Scenario.00001: CWKTCOBXCase1.CWKTCOBX_RPTFILE_FILE_01.00019: RPTFILE assertion" name="00005: Check for FILLER2"/>
    <testcase classname="LAUNCHCX.CWKTCOBX_Scenario.00001: CWKTCOBXCase1.CWKTCOBX_RPTFILE_FILE_01.00019: RPTFILE assertion" name="00006: Check for EMP_DTL_TYPE"/>
    <testcase classname="LAUNCHCX.CWKTCOBX_Scenario.00001: CWKTCOBXCase1.CWKTCOBX_RPTFILE_FILE_01.00019: RPTFILE assertion" name="00007: Check for FILLER3"/>
    <testcase classname="LAUNCHCX.CWKTCOBX_Scenario.00001: CWKTCOBXCase1.CWKTCOBX_RPTFILE_FILE_01.00019: RPTFILE assertion" name="00008: Check for EMP_DTL_HIRE_MM"/>
    <testcase classname="LAUNCHCX.CWKTCOBX_Scenario.00001: CWKTCOBXCase1.CWKTCOBX_RPTFILE_FILE_01.00019: RPTFILE assertion" name="00009: Check for EMP_DTL_SLASH1"/>
    <testcase classname="LAUNCHCX.CWKTCOBX_Scenario.00001: CWKTCOBXCase1.CWKTCOBX_RPTFILE_FILE_01.00019: RPTFILE assertion" name="00010: Check for EMP_DTL_HIRE_DD"/>
    <testcase classname="LAUNCHCX.CWKTCOBX_Scenario.00001: CWKTCOBXCase1.CWKTCOBX_RPTFILE_FILE_01.00019: RPTFILE assertion" name="00011: Check for EMP_DTL_SLASH2"/>
    <testcase classname="LAUNCHCX.CWKTCOBX_Scenario.00001: CWKTCOBXCase1.CWKTCOBX_RPTFILE_FILE_01.00019: RPTFILE assertion" name="00012: Check for EMP_DTL_HIRE_YY"/>
    <testcase classname="LAUNCHCX.CWKTCOBX_Scenario.00001: CWKTCOBXCase1.CWKTCOBX_RPTFILE_FILE_01.00019: RPTFILE assertion" name="00013: Check for FILLER4"/>
    <testcase classname="LAUNCHCX.CWKTCOBX_Scenario.00001: CWKTCOBXCase1.CWKTCOBX_RPTFILE_FILE_01.00019: RPTFILE assertion" name="00014: Check for EMP_DTL_YRS_OF_SERVICE"/>
    <testcase classname="LAUNCHCX.CWKTCOBX_Scenario.00001: CWKTCOBXCase1.CWKTCOBX_RPTFILE_FILE_01.00019: RPTFILE assertion" name="00015: Check for FILLER5"/>
    <testcase classname="LAUNCHCX.CWKTCOBX_Scenario.00001: CWKTCOBXCase1.CWKTCOBX_RPTFILE_FILE_01.00019: RPTFILE assertion" name="00016: Check for EMP_DTL_WAGES"/>
    <testcase classname="LAUNCHCX.CWKTCOBX_Scenario.00001: CWKTCOBXCase1.CWKTCOBX_RPTFILE_FILE_01.00019: RPTFILE assertion" name="00017: Check for FILLER6"/>
    <testcase classname="LAUNCHCX.CWKTCOBX_Scenario.00001: CWKTCOBXCase1.CWKTCOBX_RPTFILE_FILE_01.00019: RPTFILE assertion" name="00018: Check for EMP_DTL_OT"/>
    <testcase classname="LAUNCHCX.CWKTCOBX_Scenario.00001: CWKTCOBXCase1.CWKTCOBX_RPTFILE_FILE_01.00019: RPTFILE assertion" name="00019: Check for FILLER7"/>
    <testcase classname="LAUNCHCX.CWKTCOBX_Scenario.00001: CWKTCOBXCase1.CWKTCOBX_RPTFILE_FILE_01.00019: RPTFILE assertion" name="00020: Check for EMP_DTL_COMM"/>
    <testcase classname="LAUNCHCX.CWKTCOBX_Scenario.00001: CWKTCOBXCase1.CWKTCOBX_RPTFILE_FILE_01.00019: RPTFILE assertion" name="00021: Check for FILLER8"/>
    <testcase classname="LAUNCHCX.CWKTCOBX_Scenario.00001: CWKTCOBXCase1.CWKTCOBX_RPTFILE_FILE_01.00019: RPTFILE assertion" name="00022: Check for EMP_DTL_TOTAL"/>
  </testsuite>
  <testsuite errors="0" failures="0" name="LAUNCHCX.CWKTCOBX_Scenario.00001: CWKTCOBXCase1.CWKTCOBX_RPTFILE_FILE_01.00020: RPTFILE assertion" tests="22">
    <testcase classname="LAUNCHCX.CWKTCOBX_Scenario.00001: CWKTCOBXCase1.CWKTCOBX_RPTFILE_FILE_01.00020: RPTFILE assertion" name="00001: Check for FILLER0"/>
    <testcase classname="LAUNCHCX.CWKTCOBX_Scenario.00001: CWKTCOBXCase1.CWKTCOBX_RPTFILE_FILE_01.00020: RPTFILE assertion" name="00002: Check for EMP_DTL_NAME"/>
    <testcase classname="LAUNCHCX.CWKTCOBX_Scenario.00001: CWKTCOBXCase1.CWKTCOBX_RPTFILE_FILE_01.00020: RPTFILE assertion" name="00003: Check for FILLER1"/>
    <testcase classname="LAUNCHCX.CWKTCOBX_Scenario.00001: CWKTCOBXCase1.CWKTCOBX_RPTFILE_FILE_01.00020: RPTFILE assertion" name="00004: Check for EMP_DTL_REGION"/>
    <testcase classname="LAUNCHCX.CWKTCOBX_Scenario.00001: CWKTCOBXCase1.CWKTCOBX_RPTFILE_FILE_01.00020: RPTFILE assertion" name="00005: Check for FILLER2"/>
    <testcase classname="LAUNCHCX.CWKTCOBX_Scenario.00001: CWKTCOBXCase1.CWKTCOBX_RPTFILE_FILE_01.00020: RPTFILE assertion" name="00006: Check for EMP_DTL_TYPE"/>
    <testcase classname="LAUNCHCX.CWKTCOBX_Scenario.00001: CWKTCOBXCase1.CWKTCOBX_RPTFILE_FILE_01.00020: RPTFILE assertion" name="00007: Check for FILLER3"/>
    <testcase classname="LAUNCHCX.CWKTCOBX_Scenario.00001: CWKTCOBXCase1.CWKTCOBX_RPTFILE_FILE_01.00020: RPTFILE assertion" name="00008: Check for EMP_DTL_HIRE_MM"/>
    <testcase classname="LAUNCHCX.CWKTCOBX_Scenario.00001: CWKTCOBXCase1.CWKTCOBX_RPTFILE_FILE_01.00020: RPTFILE assertion" name="00009: Check for EMP_DTL_SLASH1"/>
    <testcase classname="LAUNCHCX.CWKTCOBX_Scenario.00001: CWKTCOBXCase1.CWKTCOBX_RPTFILE_FILE_01.00020: RPTFILE assertion" name="00010: Check for EMP_DTL_HIRE_DD"/>
    <testcase classname="LAUNCHCX.CWKTCOBX_Scenario.00001: CWKTCOBXCase1.CWKTCOBX_RPTFILE_FILE_01.00020: RPTFILE assertion" name="00011: Check for EMP_DTL_SLASH2"/>
    <testcase classname="LAUNCHCX.CWKTCOBX_Scenario.00001: CWKTCOBXCase1.CWKTCOBX_RPTFILE_FILE_01.00020: RPTFILE assertion" name="00012: Check for EMP_DTL_HIRE_YY"/>
    <testcase classname="LAUNCHCX.CWKTCOBX_Scenario.00001: CWKTCOBXCase1.CWKTCOBX_RPTFILE_FILE_01.00020: RPTFILE assertion" name="00013: Check for FILLER4"/>
    <testcase classname="LAUNCHCX.CWKTCOBX_Scenario.00001: CWKTCOBXCase1.CWKTCOBX_RPTFILE_FILE_01.00020: RPTFILE assertion" name="00014: Check for EMP_DTL_YRS_OF_SERVICE"/>
    <testcase classname="LAUNCHCX.CWKTCOBX_Scenario.00001: CWKTCOBXCase1.CWKTCOBX_RPTFILE_FILE_01.00020: RPTFILE assertion" name="00015: Check for FILLER5"/>
    <testcase classname="LAUNCHCX.CWKTCOBX_Scenario.00001: CWKTCOBXCase1.CWKTCOBX_RPTFILE_FILE_01.00020: RPTFILE assertion" name="00016: Check for EMP_DTL_WAGES"/>
    <testcase classname="LAUNCHCX.CWKTCOBX_Scenario.00001: CWKTCOBXCase1.CWKTCOBX_RPTFILE_FILE_01.00020: RPTFILE assertion" name="00017: Check for FILLER6"/>
    <testcase classname="LAUNCHCX.CWKTCOBX_Scenario.00001: CWKTCOBXCase1.CWKTCOBX_RPTFILE_FILE_01.00020: RPTFILE assertion" name="00018: Check for EMP_DTL_OT"/>
    <testcase classname="LAUNCHCX.CWKTCOBX_Scenario.00001: CWKTCOBXCase1.CWKTCOBX_RPTFILE_FILE_01.00020: RPTFILE assertion" name="00019: Check for FILLER7"/>
    <testcase classname="LAUNCHCX.CWKTCOBX_Scenario.00001: CWKTCOBXCase1.CWKTCOBX_RPTFILE_FILE_01.00020: RPTFILE assertion" name="00020: Check for EMP_DTL_COMM"/>
    <testcase classname="LAUNCHCX.CWKTCOBX_Scenario.00001: CWKTCOBXCase1.CWKTCOBX_RPTFILE_FILE_01.00020: RPTFILE assertion" name="00021: Check for FILLER8"/>
    <testcase classname="LAUNCHCX.CWKTCOBX_Scenario.00001: CWKTCOBXCase1.CWKTCOBX_RPTFILE_FILE_01.00020: RPTFILE assertion" name="00022: Check for EMP_DTL_TOTAL"/>
  </testsuite>
  <testsuite errors="0" failures="0" name="LAUNCHCX.CWKTCOBX_Scenario.00001: CWKTCOBXCase1.CWKTCOBX_RPTFILE_FILE_01.00021: RPTFILE assertion" tests="1">
    <testcase classname="LAUNCHCX.CWKTCOBX_Scenario.00001: CWKTCOBXCase1.CWKTCOBX_RPTFILE_FILE_01.00021: RPTFILE assertion" name="00001: Check for BLANK_LINE"/>
  </testsuite>
  <testsuite errors="0" failures="0" name="LAUNCHCX.CWKTCOBX_Scenario.00001: CWKTCOBXCase1.CWKTCOBX_RPTFILE_FILE_01.00022: RPTFILE assertion" tests="4">
    <testcase classname="LAUNCHCX.CWKTCOBX_Scenario.00001: CWKTCOBXCase1.CWKTCOBX_RPTFILE_FILE_01.00022: RPTFILE assertion" name="00001: Check for FILLER0"/>
    <testcase classname="LAUNCHCX.CWKTCOBX_Scenario.00001: CWKTCOBXCase1.CWKTCOBX_RPTFILE_FILE_01.00022: RPTFILE assertion" name="00002: Check for FILLER1"/>
    <testcase classname="LAUNCHCX.CWKTCOBX_Scenario.00001: CWKTCOBXCase1.CWKTCOBX_RPTFILE_FILE_01.00022: RPTFILE assertion" name="00003: Check for FILLER2"/>
    <testcase classname="LAUNCHCX.CWKTCOBX_Scenario.00001: CWKTCOBXCase1.CWKTCOBX_RPTFILE_FILE_01.00022: RPTFILE assertion" name="00004: Check for EMP_GRAND_TOTAL"/>
  </testsuite>
  <testsuite errors="0" failures="0" name="LAUNCHCX.CWKTCOBX_Scenario.00001: CWKTCOBXCase1.CWKTCOBX_DATETIME_01.00001: ACCEPT DATE assertion" tests="0">
    <testcase classname="LAUNCHCX.CWKTCOBX_Scenario.00001: CWKTCOBXCase1.CWKTCOBX_DATETIME_01.00001: ACCEPT DATE assertion" name="ACCEPT DATE"/>
  </testsuite>
</testsuites>